2024-03-27T13:42:19.104Z - GET /userData/vasiliev.dmitriy201@yandex.ru
2024-03-27T13:42:19.130Z - GET /user-orders
2024-03-27T13:42:19.134Z - GET /userData/vasiliev.dmitriy201@yandex.ru
2024-03-27T13:42:21.044Z - POST /login
2024-03-27T13:42:21.131Z - GET /userData/vasiliev.dmitriy201@yandex.ru
2024-03-27T13:42:21.139Z - GET /userData/vasiliev.dmitriy201@yandex.ru
2024-03-27T13:42:21.165Z - GET /user-orders
2024-03-27T13:42:22.107Z - GET /products
2024-03-27T13:42:23.464Z - GET /product/2
2024-03-27T13:42:24.196Z - POST /add-to-cart/2
2024-03-27T13:42:30.174Z - PUT /place-order
2024-03-27T13:47:00.095Z - GET /userData/vasiliev.dmitriy201@yandex.ru
2024-03-27T13:47:00.119Z - GET /userData/vasiliev.dmitriy201@yandex.ru
2024-03-27T13:47:00.131Z - GET /user-orders
2024-03-27T13:47:01.724Z - POST /login
2024-03-27T13:47:01.812Z - GET /userData/vasiliev.dmitriy201@yandex.ru
2024-03-27T13:47:01.820Z - GET /userData/vasiliev.dmitriy201@yandex.ru
2024-03-27T13:47:01.844Z - GET /user-orders
2024-03-27T13:47:05.612Z - GET /products
2024-03-27T13:47:06.671Z - GET /product/1
2024-03-27T13:47:07.366Z - POST /add-to-cart/1
2024-03-27T13:52:09.236Z - GET /userData/vasiliev.dmitriy201@yandex.ru
2024-03-27T13:52:09.243Z - GET /userData/vasiliev.dmitriy201@yandex.ru
2024-03-27T13:52:09.263Z - GET /user-orders
2024-03-27T13:52:24.909Z - GET /products
2024-03-27T13:52:26.086Z - GET /product/1
2024-03-27T13:52:26.899Z - POST /add-to-cart/1
2024-03-27T13:52:40.319Z - GET /userData/vasiliev.dmitriy201@yandex.ru
2024-03-27T13:52:40.328Z - GET /userData/vasiliev.dmitriy201@yandex.ru
2024-03-27T13:52:40.368Z - GET /user-orders
2024-03-27T13:57:20.269Z - GET /userData/vasiliev.dmitriy201@yandex.ru
2024-03-27T13:57:20.296Z - GET /userData/vasiliev.dmitriy201@yandex.ru
2024-03-27T13:57:20.332Z - GET /user-orders
2024-03-27T13:57:22.525Z - POST /login
2024-03-27T13:57:22.692Z - GET /userData/vasiliev.dmitriy201@yandex.ru
2024-03-27T13:57:22.704Z - GET /userData/vasiliev.dmitriy201@yandex.ru
2024-03-27T13:57:22.731Z - GET /user-orders
2024-03-27T13:57:25.720Z - GET /products
2024-03-27T13:59:42.805Z - GET /userData/vasiliev.dmitriy201@yandex.ru
2024-03-27T13:59:42.845Z - GET /user-orders
2024-03-27T13:59:42.848Z - GET /userData/vasiliev.dmitriy201@yandex.ru
2024-03-27T13:59:44.765Z - POST /login
2024-03-27T13:59:44.864Z - GET /userData/vasiliev.dmitriy201@yandex.ru
2024-03-27T13:59:44.871Z - GET /userData/vasiliev.dmitriy201@yandex.ru
2024-03-27T13:59:44.884Z - GET /user-orders
2024-03-27T13:59:47.083Z - GET /products
2024-03-27T13:59:48.625Z - GET /product/2
2024-03-27T13:59:49.528Z - POST /add-to-cart/2
2024-03-27T14:00:14.569Z - POST /login
2024-03-27T14:00:14.668Z - GET /userData/vasiliev.dmitriy201@yandex.ru
2024-03-27T14:00:14.677Z - GET /userData/vasiliev.dmitriy201@yandex.ru
2024-03-27T14:00:14.693Z - GET /user-orders
2024-03-27T14:00:15.391Z - GET /products
2024-03-27T14:00:16.805Z - GET /products
2024-03-27T14:00:38.635Z - GET /userData/vasiliev.dmitriy201@yandex.ru
2024-03-27T14:00:38.643Z - GET /userData/vasiliev.dmitriy201@yandex.ru
2024-03-27T14:00:38.659Z - GET /user-orders
2024-03-27T14:00:43.394Z - GET /products
2024-03-27T14:00:46.850Z - GET /products
2024-03-27T14:10:10.604Z - GET /userData/vasiliev.dmitriy201@yandex.ru
2024-03-27T14:10:10.646Z - GET /userData/vasiliev.dmitriy201@yandex.ru
2024-03-27T14:10:10.677Z - GET /user-orders
2024-03-27T14:10:14.095Z - POST /login
2024-03-27T14:10:14.273Z - GET /userData/vasiliev.dmitriy201@yandex.ru
2024-03-27T14:10:14.285Z - GET /userData/vasiliev.dmitriy201@yandex.ru
2024-03-27T14:10:14.319Z - GET /user-orders
2024-03-27T14:10:17.054Z - GET /products
2024-03-27T14:10:30.118Z - GET /products
2024-03-27T14:10:31.276Z - GET /product/2
2024-03-27T14:10:37.687Z - POST /add-to-cart/2
2024-03-27T14:12:33.466Z - GET /sales
2024-03-27T14:12:57.346Z - GET /sales
2024-03-27T14:12:59.856Z - GET /userData/vasiliev.dmitriy201@yandex.ru
2024-03-27T14:12:59.883Z - GET /userData/vasiliev.dmitriy201@yandex.ru
2024-03-27T14:12:59.890Z - GET /user-orders
2024-03-27T14:13:01.524Z - POST /login
2024-03-27T14:13:01.624Z - GET /userData/vasiliev.dmitriy201@yandex.ru
2024-03-27T14:13:01.632Z - GET /userData/vasiliev.dmitriy201@yandex.ru
2024-03-27T14:13:01.644Z - GET /user-orders
2024-03-27T14:13:03.129Z - GET /sales-statistics
2024-03-27T14:13:13.204Z - GET /sales
2024-03-27T14:13:13.305Z - GET /sales
2024-03-27T14:13:57.765Z - GET /products
2024-03-27T14:13:58.738Z - GET /product/1
2024-03-27T14:14:01.779Z - GET /userData/vasiliev.dmitriy201@yandex.ru
2024-03-27T14:14:01.790Z - GET /userData/vasiliev.dmitriy201@yandex.ru
2024-03-27T14:14:01.812Z - GET /user-orders
2024-03-27T14:14:03.959Z - POST /login
2024-03-27T14:14:04.055Z - GET /userData/vasiliev.dmitriy201@yandex.ru
2024-03-27T14:14:04.066Z - GET /userData/vasiliev.dmitriy201@yandex.ru
2024-03-27T14:14:04.089Z - GET /user-orders
2024-03-27T14:14:05.026Z - GET /products
2024-03-27T14:17:14.074Z - GET /userData/vasiliev.dmitriy201@yandex.ru
2024-03-27T14:17:14.103Z - GET /user-orders
2024-03-27T14:17:14.116Z - GET /userData/vasiliev.dmitriy201@yandex.ru
2024-03-27T14:17:15.765Z - POST /login
2024-03-27T14:17:15.859Z - GET /userData/vasiliev.dmitriy201@yandex.ru
2024-03-27T14:17:15.866Z - GET /userData/vasiliev.dmitriy201@yandex.ru
2024-03-27T14:17:15.897Z - GET /user-orders
2024-03-27T14:18:41.686Z - GET /userData/vasiliev.dmitriy201@yandex.ru
2024-03-27T14:18:41.714Z - GET /user-orders
2024-03-27T14:18:41.722Z - GET /userData/vasiliev.dmitriy201@yandex.ru
2024-03-27T14:18:46.660Z - GET /userData/vasiliev.dmitriy201@yandex.ru
2024-03-27T14:18:46.668Z - GET /userData/vasiliev.dmitriy201@yandex.ru
2024-03-27T14:18:46.705Z - GET /user-orders
2024-03-27T14:18:48.254Z - POST /login
2024-03-27T14:18:48.336Z - GET /userData/vasiliev.dmitriy201@yandex.ru
2024-03-27T14:18:48.345Z - GET /userData/vasiliev.dmitriy201@yandex.ru
2024-03-27T14:18:48.371Z - GET /user-orders
2024-03-27T14:18:54.412Z - GET /userData/vasiliev.dmitriy201@yandex.ru
2024-03-27T14:18:54.420Z - GET /userData/vasiliev.dmitriy201@yandex.ru
2024-03-27T14:18:54.440Z - GET /user-orders
2024-03-27T14:19:06.058Z - GET /products
2024-03-27T14:19:07.334Z - GET /product/2
2024-03-27T14:20:19.331Z - GET /userData/vasiliev.dmitriy201@yandex.ru
2024-03-27T14:20:19.360Z - GET /userData/vasiliev.dmitriy201@yandex.ru
2024-03-27T14:20:19.376Z - GET /user-orders
2024-03-27T14:20:20.881Z - POST /login
2024-03-27T14:20:21.056Z - GET /userData/vasiliev.dmitriy201@yandex.ru
2024-03-27T14:20:21.065Z - GET /userData/vasiliev.dmitriy201@yandex.ru
2024-03-27T14:20:21.101Z - GET /user-orders
2024-03-27T14:20:22.171Z - GET /products
2024-03-27T14:22:36.908Z - GET /userData/vasiliev.dmitriy201@yandex.ru
2024-03-27T14:22:36.938Z - GET /userData/vasiliev.dmitriy201@yandex.ru
2024-03-27T14:22:36.956Z - GET /user-orders
2024-03-27T14:22:39.211Z - POST /login
2024-03-27T14:22:39.412Z - GET /userData/vasiliev.dmitriy201@yandex.ru
2024-03-27T14:22:39.423Z - GET /userData/vasiliev.dmitriy201@yandex.ru
2024-03-27T14:22:39.463Z - GET /user-orders
2024-03-27T14:22:40.785Z - GET /products
2024-03-27T14:22:46.658Z - GET /userData/vasiliev.dmitriy201@yandex.ru
2024-03-27T14:22:46.672Z - GET /userData/vasiliev.dmitriy201@yandex.ru
2024-03-27T14:22:46.702Z - GET /user-orders
2024-03-27T14:22:50.019Z - GET /order-history
2024-03-27T14:22:54.040Z - GET /sales-statistics
2024-03-27T14:23:09.920Z - GET /sales
2024-03-27T14:23:11.163Z - GET /sales
2024-03-27T14:24:41.533Z - GET /userData/vasiliev.dmitriy201@yandex.ru
2024-03-27T14:24:41.543Z - GET /userData/vasiliev.dmitriy201@yandex.ru
2024-03-27T14:24:41.550Z - GET /user-orders
2024-03-27T14:24:43.300Z - POST /login
2024-03-27T14:24:43.401Z - GET /userData/vasiliev.dmitriy201@yandex.ru
2024-03-27T14:24:43.408Z - GET /userData/vasiliev.dmitriy201@yandex.ru
2024-03-27T14:24:43.426Z - GET /user-orders
2024-03-27T14:32:48.465Z - GET /favicon.ico
2024-03-27T14:32:52.457Z - GET /userData/vasiliev.dmitriy201@yandex.ru
2024-03-27T14:32:52.478Z - GET /user-orders
2024-03-27T14:32:52.524Z - GET /userData/vasiliev.dmitriy201@yandex.ru
2024-03-27T14:32:54.222Z - POST /login
2024-03-27T14:32:54.302Z - GET /userData/vasiliev.dmitriy201@yandex.ru
2024-03-27T14:32:54.312Z - GET /userData/vasiliev.dmitriy201@yandex.ru
2024-03-27T14:32:54.339Z - GET /user-orders
2024-03-27T14:32:54.976Z - GET /products
2024-03-27T14:36:17.319Z - GET /userData/vasiliev.dmitriy201@yandex.ru
2024-03-27T14:36:17.345Z - GET /userData/vasiliev.dmitriy201@yandex.ru
2024-03-27T14:36:17.372Z - GET /user-orders
2024-03-27T14:36:19.382Z - POST /login
2024-03-27T14:36:19.546Z - GET /userData/vasiliev.dmitriy201@yandex.ru
2024-03-27T14:36:19.557Z - GET /userData/vasiliev.dmitriy201@yandex.ru
2024-03-27T14:36:19.589Z - GET /user-orders
2024-03-27T14:39:17.744Z - GET /userData/vasiliev.dmitriy201@yandex.ru
2024-03-27T14:39:17.775Z - GET /userData/vasiliev.dmitriy201@yandex.ru
2024-03-27T14:39:17.813Z - GET /user-orders
2024-03-27T14:39:19.563Z - POST /login
2024-03-27T14:39:19.743Z - GET /userData/vasiliev.dmitriy201@yandex.ru
2024-03-27T14:39:19.754Z - GET /userData/vasiliev.dmitriy201@yandex.ru
2024-03-27T14:39:19.784Z - GET /user-orders
2024-03-27T14:43:46.055Z - GET /products
2024-03-27T14:43:47.079Z - GET /product/1
2024-03-27T14:43:49.759Z - POST /add-to-cart/1
2024-03-27T14:43:57.553Z - GET /userData/vasiliev.dmitriy201@yandex.ru
2024-03-27T14:43:57.564Z - GET /userData/vasiliev.dmitriy201@yandex.ru
2024-03-27T14:43:57.598Z - GET /user-orders
2024-03-27T14:44:41.522Z - GET /products
2024-03-27T14:44:42.535Z - GET /product/2
2024-03-27T14:44:43.359Z - POST /add-to-cart/2
2024-03-27T14:44:51.381Z - GET /userData/vasiliev.dmitriy201@yandex.ru
2024-03-27T14:44:51.389Z - GET /userData/vasiliev.dmitriy201@yandex.ru
2024-03-27T14:44:51.434Z - GET /user-orders
2024-03-27T14:48:55.076Z - PUT /place-order
2024-03-27T14:49:11.487Z - POST /login
2024-03-27T14:49:11.649Z - GET /userData/vasiliev.dmitriy201@yandex.ru
2024-03-27T14:49:11.665Z - GET /userData/vasiliev.dmitriy201@yandex.ru
2024-03-27T14:49:11.692Z - GET /user-orders
2024-03-27T14:53:06.056Z - POST /login
2024-03-27T14:53:06.226Z - GET /userData/vasiliev.dmitriy201@yandex.ru
2024-03-27T14:53:06.243Z - GET /userData/vasiliev.dmitriy201@yandex.ru
2024-03-27T14:53:06.269Z - GET /user-orders
2024-03-27T14:55:27.183Z - GET /products
2024-03-27T14:55:28.218Z - GET /product/2
2024-03-27T14:55:29.108Z - POST /add-to-cart/2
2024-03-27T14:55:39.036Z - POST /add-to-cart/2
2024-03-27T14:56:24.288Z - GET /userData/vasiliev.dmitriy201@yandex.ru
2024-03-27T14:56:24.304Z - GET /userData/vasiliev.dmitriy201@yandex.ru
2024-03-27T14:56:24.330Z - GET /user-orders
2024-03-27T14:56:26.146Z - POST /login
2024-03-27T14:56:26.326Z - GET /userData/vasiliev.dmitriy201@yandex.ru
2024-03-27T14:56:26.334Z - GET /userData/vasiliev.dmitriy201@yandex.ru
2024-03-27T14:56:26.359Z - GET /user-orders
2024-03-27T14:56:27.375Z - GET /products
2024-03-27T14:56:28.394Z - GET /product/2
2024-03-27T14:56:29.276Z - POST /add-to-cart/2
2024-03-27T14:58:14.190Z - GET /basket
2024-03-27T14:58:20.386Z - GET /userData/vasiliev.dmitriy201@yandex.ru
2024-03-27T14:58:20.408Z - GET /userData/vasiliev.dmitriy201@yandex.ru
2024-03-27T14:58:20.428Z - GET /user-orders
2024-03-27T14:58:22.283Z - POST /login
2024-03-27T14:58:22.449Z - GET /userData/vasiliev.dmitriy201@yandex.ru
2024-03-27T14:58:22.460Z - GET /userData/vasiliev.dmitriy201@yandex.ru
2024-03-27T14:58:22.512Z - GET /user-orders
2024-03-27T14:58:23.512Z - GET /basket
2024-03-27T14:59:06.041Z - GET /basket
2024-03-27T14:59:09.980Z - GET /basket
2024-03-27T15:00:21.469Z - GET /basket
2024-03-27T15:00:23.228Z - GET /userData/vasiliev.dmitriy201@yandex.ru
2024-03-27T15:00:23.283Z - GET /user-orders
2024-03-27T15:00:23.290Z - GET /userData/vasiliev.dmitriy201@yandex.ru
2024-03-27T15:00:24.742Z - POST /login
2024-03-27T15:00:24.936Z - GET /userData/vasiliev.dmitriy201@yandex.ru
2024-03-27T15:00:24.948Z - GET /userData/vasiliev.dmitriy201@yandex.ru
2024-03-27T15:00:24.975Z - GET /user-orders
2024-03-27T15:00:26.368Z - GET /basket
2024-03-27T15:00:27.410Z - DELETE /remove-from-cart/31/1
2024-03-27T15:00:27.427Z - PUT /update-order-status/31
2024-03-27T15:00:27.428Z - GET /basket
2024-03-27T15:00:28.141Z - DELETE /remove-from-cart/33/1
2024-03-27T15:00:28.152Z - PUT /update-order-status/33
2024-03-27T15:00:28.154Z - GET /basket
2024-03-27T15:00:28.417Z - DELETE /remove-from-cart/34/1
2024-03-27T15:00:28.429Z - PUT /update-order-status/34
2024-03-27T15:00:28.431Z - GET /basket
2024-03-27T15:00:28.578Z - DELETE /remove-from-cart/32/2
2024-03-27T15:00:28.589Z - PUT /update-order-status/32
2024-03-27T15:00:28.590Z - GET /basket
2024-03-27T15:00:28.721Z - DELETE /remove-from-cart/35/2
2024-03-27T15:00:28.733Z - PUT /update-order-status/35
2024-03-27T15:00:28.735Z - GET /basket
2024-03-27T15:00:28.873Z - DELETE /remove-from-cart/36/2
2024-03-27T15:00:28.885Z - PUT /update-order-status/36
2024-03-27T15:00:28.886Z - GET /basket
2024-03-27T15:00:29.001Z - DELETE /remove-from-cart/37/1
2024-03-27T15:00:29.012Z - PUT /update-order-status/37
2024-03-27T15:00:29.014Z - GET /basket
2024-03-27T15:00:29.146Z - DELETE /remove-from-cart/38/2
2024-03-27T15:00:29.158Z - PUT /update-order-status/38
2024-03-27T15:00:29.158Z - GET /basket
2024-03-27T15:00:29.290Z - DELETE /remove-from-cart/39/2
2024-03-27T15:00:29.301Z - PUT /update-order-status/39
2024-03-27T15:00:29.303Z - GET /basket
2024-03-27T15:00:41.393Z - GET /basket
2024-03-27T15:00:42.791Z - GET /products
2024-03-27T15:00:43.626Z - GET /product/2
2024-03-27T15:00:44.665Z - POST /add-to-cart/2
2024-03-27T15:00:45.769Z - GET /basket
2024-03-27T15:00:47.440Z - GET /products
2024-03-27T15:00:48.558Z - GET /product/1
2024-03-27T15:00:49.266Z - POST /add-to-cart/1
2024-03-27T15:00:50.333Z - GET /basket
2024-03-27T15:00:53.390Z - GET /basket
2024-03-27T15:00:55.730Z - PUT /place-order
2024-03-27T15:01:23.108Z - GET /order-history
2024-03-27T15:01:26.391Z - GET /products
2024-03-27T15:01:31.441Z - GET /sales-statistics
2024-03-27T15:12:17.785Z - GET /stats.html
