2024-03-27T13:42:19.105Z - GET /userData/vasiliev.dmitriy201@yandex.ru - User: undefined
2024-03-27T13:42:19.131Z - GET /user-orders - User: undefined
2024-03-27T13:42:19.135Z - GET /userData/vasiliev.dmitriy201@yandex.ru - User: undefined
2024-03-27T13:42:21.044Z - POST /login - User: undefined
2024-03-27T13:42:21.131Z - GET /userData/vasiliev.dmitriy201@yandex.ru - User: 1
2024-03-27T13:42:21.140Z - GET /userData/vasiliev.dmitriy201@yandex.ru - User: 1
2024-03-27T13:42:21.165Z - GET /user-orders - User: 1
2024-03-27T13:42:22.107Z - GET /products - User: 1
2024-03-27T13:42:23.464Z - GET /product/2 - User: 1
2024-03-27T13:42:24.196Z - POST /add-to-cart/2 - User: 1
2024-03-27T13:42:30.174Z - PUT /place-order - User: 1
2024-03-27T13:47:00.097Z - GET /userData/vasiliev.dmitriy201@yandex.ru - User: undefined
2024-03-27T13:47:00.119Z - GET /userData/vasiliev.dmitriy201@yandex.ru - User: undefined
2024-03-27T13:47:00.131Z - GET /user-orders - User: undefined
2024-03-27T13:47:01.724Z - POST /login - User: undefined
2024-03-27T13:47:01.812Z - GET /userData/vasiliev.dmitriy201@yandex.ru - User: 1
2024-03-27T13:47:01.820Z - GET /userData/vasiliev.dmitriy201@yandex.ru - User: 1
2024-03-27T13:47:01.845Z - GET /user-orders - User: 1
2024-03-27T13:47:05.612Z - GET /products - User: 1
2024-03-27T13:47:06.672Z - GET /product/1 - User: 1
2024-03-27T13:47:07.366Z - POST /add-to-cart/1 - User: 1
2024-03-27T13:52:09.236Z - GET /userData/vasiliev.dmitriy201@yandex.ru - User: 1
2024-03-27T13:52:09.243Z - GET /userData/vasiliev.dmitriy201@yandex.ru - User: 1
2024-03-27T13:52:09.263Z - GET /user-orders - User: 1
2024-03-27T13:52:24.909Z - GET /products - User: 1
2024-03-27T13:52:26.086Z - GET /product/1 - User: 1
2024-03-27T13:52:26.899Z - POST /add-to-cart/1 - User: 1
2024-03-27T13:52:40.320Z - GET /userData/vasiliev.dmitriy201@yandex.ru - User: 1
2024-03-27T13:52:40.328Z - GET /userData/vasiliev.dmitriy201@yandex.ru - User: 1
2024-03-27T13:52:40.368Z - GET /user-orders - User: 1
2024-03-27T13:57:20.270Z - GET /userData/vasiliev.dmitriy201@yandex.ru - User: undefined
2024-03-27T13:57:20.297Z - GET /userData/vasiliev.dmitriy201@yandex.ru - User: undefined
2024-03-27T13:57:20.332Z - GET /user-orders - User: undefined
2024-03-27T13:57:22.525Z - POST /login - User: undefined
2024-03-27T13:57:22.693Z - GET /userData/vasiliev.dmitriy201@yandex.ru - User: 1
2024-03-27T13:57:22.704Z - GET /userData/vasiliev.dmitriy201@yandex.ru - User: 1
2024-03-27T13:57:22.731Z - GET /user-orders - User: 1
2024-03-27T13:57:25.720Z - GET /products - User: 1
2024-03-27T13:59:42.806Z - GET /userData/vasiliev.dmitriy201@yandex.ru - User: undefined
2024-03-27T13:59:42.845Z - GET /user-orders - User: undefined
2024-03-27T13:59:42.849Z - GET /userData/vasiliev.dmitriy201@yandex.ru - User: undefined
2024-03-27T13:59:44.765Z - POST /login - User: undefined
2024-03-27T13:59:44.864Z - GET /userData/vasiliev.dmitriy201@yandex.ru - User: 1
2024-03-27T13:59:44.871Z - GET /userData/vasiliev.dmitriy201@yandex.ru - User: 1
2024-03-27T13:59:44.885Z - GET /user-orders - User: 1
2024-03-27T13:59:47.083Z - GET /products - User: 1
2024-03-27T13:59:48.625Z - GET /product/2 - User: 1
2024-03-27T13:59:49.528Z - POST /add-to-cart/2 - User: 1
2024-03-27T14:00:14.570Z - POST /login - User: 1
2024-03-27T14:00:14.668Z - GET /userData/vasiliev.dmitriy201@yandex.ru - User: 1
2024-03-27T14:00:14.677Z - GET /userData/vasiliev.dmitriy201@yandex.ru - User: 1
2024-03-27T14:00:14.693Z - GET /user-orders - User: 1
2024-03-27T14:00:15.391Z - GET /products - User: 1
2024-03-27T14:00:16.805Z - GET /products - User: 1
2024-03-27T14:00:38.635Z - GET /userData/vasiliev.dmitriy201@yandex.ru - User: 1
2024-03-27T14:00:38.644Z - GET /userData/vasiliev.dmitriy201@yandex.ru - User: 1
2024-03-27T14:00:38.659Z - GET /user-orders - User: 1
2024-03-27T14:00:43.394Z - GET /products - User: 1
2024-03-27T14:00:46.850Z - GET /products - User: 1
2024-03-27T14:10:10.605Z - GET /userData/vasiliev.dmitriy201@yandex.ru - User: undefined
2024-03-27T14:10:10.647Z - GET /userData/vasiliev.dmitriy201@yandex.ru - User: undefined
2024-03-27T14:10:10.677Z - GET /user-orders - User: undefined
2024-03-27T14:10:14.095Z - POST /login - User: undefined
2024-03-27T14:10:14.273Z - GET /userData/vasiliev.dmitriy201@yandex.ru - User: 1
2024-03-27T14:10:14.286Z - GET /userData/vasiliev.dmitriy201@yandex.ru - User: 1
2024-03-27T14:10:14.319Z - GET /user-orders - User: 1
2024-03-27T14:10:17.054Z - GET /products - User: 1
2024-03-27T14:10:30.118Z - GET /products - User: 1
2024-03-27T14:10:31.276Z - GET /product/2 - User: 1
2024-03-27T14:10:37.687Z - POST /add-to-cart/2 - User: 1
2024-03-27T14:12:33.467Z - GET /sales - User: undefined
2024-03-27T14:12:57.347Z - GET /sales - User: undefined
2024-03-27T14:12:59.857Z - GET /userData/vasiliev.dmitriy201@yandex.ru - User: undefined
2024-03-27T14:12:59.883Z - GET /userData/vasiliev.dmitriy201@yandex.ru - User: undefined
2024-03-27T14:12:59.890Z - GET /user-orders - User: undefined
2024-03-27T14:13:01.524Z - POST /login - User: undefined
2024-03-27T14:13:01.625Z - GET /userData/vasiliev.dmitriy201@yandex.ru - User: 1
2024-03-27T14:13:01.633Z - GET /userData/vasiliev.dmitriy201@yandex.ru - User: 1
2024-03-27T14:13:01.644Z - GET /user-orders - User: 1
2024-03-27T14:13:03.129Z - GET /sales-statistics - User: 1
2024-03-27T14:13:13.204Z - GET /sales - User: 1
2024-03-27T14:13:13.306Z - GET /sales - User: 1
2024-03-27T14:13:57.765Z - GET /products - User: 1
2024-03-27T14:13:58.738Z - GET /product/1 - User: 1
2024-03-27T14:14:01.780Z - GET /userData/vasiliev.dmitriy201@yandex.ru - User: 1
2024-03-27T14:14:01.790Z - GET /userData/vasiliev.dmitriy201@yandex.ru - User: 1
2024-03-27T14:14:01.812Z - GET /user-orders - User: 1
2024-03-27T14:14:03.959Z - POST /login - User: 1
2024-03-27T14:14:04.056Z - GET /userData/vasiliev.dmitriy201@yandex.ru - User: 1
2024-03-27T14:14:04.066Z - GET /userData/vasiliev.dmitriy201@yandex.ru - User: 1
2024-03-27T14:14:04.089Z - GET /user-orders - User: 1
2024-03-27T14:14:05.026Z - GET /products - User: 1
2024-03-27T14:17:14.075Z - GET /userData/vasiliev.dmitriy201@yandex.ru - User: undefined
2024-03-27T14:17:14.104Z - GET /user-orders - User: undefined
2024-03-27T14:17:14.116Z - GET /userData/vasiliev.dmitriy201@yandex.ru - User: undefined
2024-03-27T14:17:15.765Z - POST /login - User: undefined
2024-03-27T14:17:15.859Z - GET /userData/vasiliev.dmitriy201@yandex.ru - User: 1
2024-03-27T14:17:15.866Z - GET /userData/vasiliev.dmitriy201@yandex.ru - User: 1
2024-03-27T14:17:15.897Z - GET /user-orders - User: 1
2024-03-27T14:18:41.687Z - GET /userData/vasiliev.dmitriy201@yandex.ru - User: undefined
2024-03-27T14:18:41.714Z - GET /user-orders - User: undefined
2024-03-27T14:18:41.723Z - GET /userData/vasiliev.dmitriy201@yandex.ru - User: undefined
2024-03-27T14:18:46.660Z - GET /userData/vasiliev.dmitriy201@yandex.ru - User: undefined
2024-03-27T14:18:46.668Z - GET /userData/vasiliev.dmitriy201@yandex.ru - User: undefined
2024-03-27T14:18:46.705Z - GET /user-orders - User: undefined
2024-03-27T14:18:48.254Z - POST /login - User: undefined
2024-03-27T14:18:48.337Z - GET /userData/vasiliev.dmitriy201@yandex.ru - User: 1
2024-03-27T14:18:48.346Z - GET /userData/vasiliev.dmitriy201@yandex.ru - User: 1
2024-03-27T14:18:48.371Z - GET /user-orders - User: 1
2024-03-27T14:18:54.412Z - GET /userData/vasiliev.dmitriy201@yandex.ru - User: 1
2024-03-27T14:18:54.420Z - GET /userData/vasiliev.dmitriy201@yandex.ru - User: 1
2024-03-27T14:18:54.440Z - GET /user-orders - User: 1
2024-03-27T14:19:06.058Z - GET /products - User: 1
2024-03-27T14:19:07.334Z - GET /product/2 - User: 1
2024-03-27T14:20:19.333Z - GET /userData/vasiliev.dmitriy201@yandex.ru - User: undefined
2024-03-27T14:20:19.360Z - GET /userData/vasiliev.dmitriy201@yandex.ru - User: undefined
2024-03-27T14:20:19.377Z - GET /user-orders - User: undefined
2024-03-27T14:20:20.881Z - POST /login - User: undefined
2024-03-27T14:20:21.056Z - GET /userData/vasiliev.dmitriy201@yandex.ru - User: 1
2024-03-27T14:20:21.066Z - GET /userData/vasiliev.dmitriy201@yandex.ru - User: 1
2024-03-27T14:20:21.101Z - GET /user-orders - User: 1
2024-03-27T14:20:22.171Z - GET /products - User: 1
2024-03-27T14:22:36.910Z - GET /userData/vasiliev.dmitriy201@yandex.ru - User: undefined
2024-03-27T14:22:36.940Z - GET /userData/vasiliev.dmitriy201@yandex.ru - User: undefined
2024-03-27T14:22:36.957Z - GET /user-orders - User: undefined
2024-03-27T14:22:39.211Z - POST /login - User: undefined
2024-03-27T14:22:39.412Z - GET /userData/vasiliev.dmitriy201@yandex.ru - User: 1
2024-03-27T14:22:39.424Z - GET /userData/vasiliev.dmitriy201@yandex.ru - User: 1
2024-03-27T14:22:39.463Z - GET /user-orders - User: 1
2024-03-27T14:22:40.785Z - GET /products - User: 1
2024-03-27T14:22:46.658Z - GET /userData/vasiliev.dmitriy201@yandex.ru - User: 1
2024-03-27T14:22:46.672Z - GET /userData/vasiliev.dmitriy201@yandex.ru - User: 1
2024-03-27T14:22:46.703Z - GET /user-orders - User: 1
2024-03-27T14:22:50.019Z - GET /order-history - User: 1
2024-03-27T14:22:54.040Z - GET /sales-statistics - User: 1
2024-03-27T14:23:09.920Z - GET /sales - User: 1
2024-03-27T14:23:11.163Z - GET /sales - User: 1
2024-03-27T14:24:41.534Z - GET /userData/vasiliev.dmitriy201@yandex.ru - User: 1
2024-03-27T14:24:41.544Z - GET /userData/vasiliev.dmitriy201@yandex.ru - User: 1
2024-03-27T14:24:41.550Z - GET /user-orders - User: 1
2024-03-27T14:24:43.300Z - POST /login - User: 1
2024-03-27T14:24:43.401Z - GET /userData/vasiliev.dmitriy201@yandex.ru - User: 1
2024-03-27T14:24:43.408Z - GET /userData/vasiliev.dmitriy201@yandex.ru - User: 1
2024-03-27T14:24:43.426Z - GET /user-orders - User: 1
2024-03-27T14:32:48.468Z - GET /favicon.ico - User: undefined
2024-03-27T14:32:52.457Z - GET /userData/vasiliev.dmitriy201@yandex.ru - User: undefined
2024-03-27T14:32:52.478Z - GET /user-orders - User: undefined
2024-03-27T14:32:52.524Z - GET /userData/vasiliev.dmitriy201@yandex.ru - User: undefined
2024-03-27T14:32:54.222Z - POST /login - User: undefined
2024-03-27T14:32:54.302Z - GET /userData/vasiliev.dmitriy201@yandex.ru - User: 1
2024-03-27T14:32:54.312Z - GET /userData/vasiliev.dmitriy201@yandex.ru - User: 1
2024-03-27T14:32:54.339Z - GET /user-orders - User: 1
2024-03-27T14:32:54.976Z - GET /products - User: 1
2024-03-27T14:36:17.320Z - GET /userData/vasiliev.dmitriy201@yandex.ru - User: undefined
2024-03-27T14:36:17.346Z - GET /userData/vasiliev.dmitriy201@yandex.ru - User: undefined
2024-03-27T14:36:17.373Z - GET /user-orders - User: undefined
2024-03-27T14:36:19.382Z - POST /login - User: undefined
2024-03-27T14:36:19.546Z - GET /userData/vasiliev.dmitriy201@yandex.ru - User: 1
2024-03-27T14:36:19.557Z - GET /userData/vasiliev.dmitriy201@yandex.ru - User: 1
2024-03-27T14:36:19.590Z - GET /user-orders - User: 1
2024-03-27T14:39:17.745Z - GET /userData/vasiliev.dmitriy201@yandex.ru - User: undefined
2024-03-27T14:39:17.775Z - GET /userData/vasiliev.dmitriy201@yandex.ru - User: undefined
2024-03-27T14:39:17.813Z - GET /user-orders - User: undefined
2024-03-27T14:39:19.563Z - POST /login - User: undefined
2024-03-27T14:39:19.744Z - GET /userData/vasiliev.dmitriy201@yandex.ru - User: 1
2024-03-27T14:39:19.754Z - GET /userData/vasiliev.dmitriy201@yandex.ru - User: 1
2024-03-27T14:39:19.785Z - GET /user-orders - User: 1
2024-03-27T14:43:46.055Z - GET /products - User: 1
2024-03-27T14:43:47.080Z - GET /product/1 - User: 1
2024-03-27T14:43:49.759Z - POST /add-to-cart/1 - User: 1
2024-03-27T14:43:57.553Z - GET /userData/vasiliev.dmitriy201@yandex.ru - User: 1
2024-03-27T14:43:57.564Z - GET /userData/vasiliev.dmitriy201@yandex.ru - User: 1
2024-03-27T14:43:57.598Z - GET /user-orders - User: 1
2024-03-27T14:44:41.522Z - GET /products - User: 1
2024-03-27T14:44:42.535Z - GET /product/2 - User: 1
2024-03-27T14:44:43.359Z - POST /add-to-cart/2 - User: 1
2024-03-27T14:44:51.382Z - GET /userData/vasiliev.dmitriy201@yandex.ru - User: 1
2024-03-27T14:44:51.389Z - GET /userData/vasiliev.dmitriy201@yandex.ru - User: 1
2024-03-27T14:44:51.434Z - GET /user-orders - User: 1
2024-03-27T14:48:55.076Z - PUT /place-order - User: undefined
2024-03-27T14:49:11.488Z - POST /login - User: undefined
2024-03-27T14:49:11.650Z - GET /userData/vasiliev.dmitriy201@yandex.ru - User: 1
2024-03-27T14:49:11.666Z - GET /userData/vasiliev.dmitriy201@yandex.ru - User: 1
2024-03-27T14:49:11.692Z - GET /user-orders - User: 1
2024-03-27T14:53:06.056Z - POST /login - User: undefined
2024-03-27T14:53:06.227Z - GET /userData/vasiliev.dmitriy201@yandex.ru - User: 1
2024-03-27T14:53:06.243Z - GET /userData/vasiliev.dmitriy201@yandex.ru - User: 1
2024-03-27T14:53:06.269Z - GET /user-orders - User: 1
2024-03-27T14:55:27.184Z - GET /products - User: undefined
2024-03-27T14:55:28.219Z - GET /product/2 - User: undefined
2024-03-27T14:55:29.109Z - POST /add-to-cart/2 - User: undefined
2024-03-27T14:55:39.037Z - POST /add-to-cart/2 - User: undefined
2024-03-27T14:56:24.288Z - GET /userData/vasiliev.dmitriy201@yandex.ru - User: undefined
2024-03-27T14:56:24.304Z - GET /userData/vasiliev.dmitriy201@yandex.ru - User: undefined
2024-03-27T14:56:24.330Z - GET /user-orders - User: undefined
2024-03-27T14:56:26.147Z - POST /login - User: undefined
2024-03-27T14:56:26.327Z - GET /userData/vasiliev.dmitriy201@yandex.ru - User: 1
2024-03-27T14:56:26.334Z - GET /userData/vasiliev.dmitriy201@yandex.ru - User: 1
2024-03-27T14:56:26.359Z - GET /user-orders - User: 1
2024-03-27T14:56:27.375Z - GET /products - User: 1
2024-03-27T14:56:28.394Z - GET /product/2 - User: 1
2024-03-27T14:56:29.277Z - POST /add-to-cart/2 - User: 1
2024-03-27T14:58:14.191Z - GET /basket - User: undefined
2024-03-27T14:58:20.386Z - GET /userData/vasiliev.dmitriy201@yandex.ru - User: undefined
2024-03-27T14:58:20.409Z - GET /userData/vasiliev.dmitriy201@yandex.ru - User: undefined
2024-03-27T14:58:20.428Z - GET /user-orders - User: undefined
2024-03-27T14:58:22.283Z - POST /login - User: undefined
2024-03-27T14:58:22.450Z - GET /userData/vasiliev.dmitriy201@yandex.ru - User: 1
2024-03-27T14:58:22.460Z - GET /userData/vasiliev.dmitriy201@yandex.ru - User: 1
2024-03-27T14:58:22.513Z - GET /user-orders - User: 1
2024-03-27T14:58:23.512Z - GET /basket - User: 1
2024-03-27T14:59:06.042Z - GET /basket - User: 1
2024-03-27T14:59:09.981Z - GET /basket - User: 1
2024-03-27T15:00:21.470Z - GET /basket - User: undefined
2024-03-27T15:00:23.228Z - GET /userData/vasiliev.dmitriy201@yandex.ru - User: undefined
2024-03-27T15:00:23.284Z - GET /user-orders - User: undefined
2024-03-27T15:00:23.290Z - GET /userData/vasiliev.dmitriy201@yandex.ru - User: undefined
2024-03-27T15:00:24.742Z - POST /login - User: undefined
2024-03-27T15:00:24.936Z - GET /userData/vasiliev.dmitriy201@yandex.ru - User: 1
2024-03-27T15:00:24.948Z - GET /userData/vasiliev.dmitriy201@yandex.ru - User: 1
2024-03-27T15:00:24.975Z - GET /user-orders - User: 1
2024-03-27T15:00:26.368Z - GET /basket - User: 1
2024-03-27T15:00:27.411Z - DELETE /remove-from-cart/31/1 - User: 1
2024-03-27T15:00:27.427Z - PUT /update-order-status/31 - User: 1
2024-03-27T15:00:27.428Z - GET /basket - User: 1
2024-03-27T15:00:28.141Z - DELETE /remove-from-cart/33/1 - User: 1
2024-03-27T15:00:28.152Z - PUT /update-order-status/33 - User: 1
2024-03-27T15:00:28.154Z - GET /basket - User: 1
2024-03-27T15:00:28.418Z - DELETE /remove-from-cart/34/1 - User: 1
2024-03-27T15:00:28.429Z - PUT /update-order-status/34 - User: 1
2024-03-27T15:00:28.431Z - GET /basket - User: 1
2024-03-27T15:00:28.578Z - DELETE /remove-from-cart/32/2 - User: 1
2024-03-27T15:00:28.589Z - PUT /update-order-status/32 - User: 1
2024-03-27T15:00:28.590Z - GET /basket - User: 1
2024-03-27T15:00:28.721Z - DELETE /remove-from-cart/35/2 - User: 1
2024-03-27T15:00:28.734Z - PUT /update-order-status/35 - User: 1
2024-03-27T15:00:28.735Z - GET /basket - User: 1
2024-03-27T15:00:28.873Z - DELETE /remove-from-cart/36/2 - User: 1
2024-03-27T15:00:28.885Z - PUT /update-order-status/36 - User: 1
2024-03-27T15:00:28.886Z - GET /basket - User: 1
2024-03-27T15:00:29.001Z - DELETE /remove-from-cart/37/1 - User: 1
2024-03-27T15:00:29.012Z - PUT /update-order-status/37 - User: 1
2024-03-27T15:00:29.014Z - GET /basket - User: 1
2024-03-27T15:00:29.146Z - DELETE /remove-from-cart/38/2 - User: 1
2024-03-27T15:00:29.158Z - PUT /update-order-status/38 - User: 1
2024-03-27T15:00:29.158Z - GET /basket - User: 1
2024-03-27T15:00:29.290Z - DELETE /remove-from-cart/39/2 - User: 1
2024-03-27T15:00:29.301Z - PUT /update-order-status/39 - User: 1
2024-03-27T15:00:29.303Z - GET /basket - User: 1
2024-03-27T15:00:41.394Z - GET /basket - User: 1
2024-03-27T15:00:42.791Z - GET /products - User: 1
2024-03-27T15:00:43.626Z - GET /product/2 - User: 1
2024-03-27T15:00:44.665Z - POST /add-to-cart/2 - User: 1
2024-03-27T15:00:45.770Z - GET /basket - User: 1
2024-03-27T15:00:47.440Z - GET /products - User: 1
2024-03-27T15:00:48.558Z - GET /product/1 - User: 1
2024-03-27T15:00:49.266Z - POST /add-to-cart/1 - User: 1
2024-03-27T15:00:50.334Z - GET /basket - User: 1
2024-03-27T15:00:53.390Z - GET /basket - User: 1
2024-03-27T15:00:55.730Z - PUT /place-order - User: 1
2024-03-27T15:01:23.108Z - GET /order-history - User: 1
2024-03-27T15:01:26.391Z - GET /products - User: 1
2024-03-27T15:01:31.441Z - GET /sales-statistics - User: 1
