2024-04-03T01:48:59.674Z - GET /Catalog.html? - Visits: 1
2024-04-03T01:49:05.171Z - GET /Catalog.html - Visits: 2
2024-04-03T01:49:08.696Z - GET /Busket.html - Visits: 3
2024-04-03T01:49:11.369Z - GET /main.html - Visits: 4
2024-04-03T01:49:13.646Z - GET /Login.html - Visits: 5
2024-04-03T01:49:15.680Z - GET /main.html - Visits: 6
2024-04-03T13:32:45.437Z - GET /busket.html - Visits: 30
2024-04-03T13:32:48.020Z - GET /catalog.html - Visits: 31
2024-04-03T13:32:53.810Z - GET /catalog.html - Visits: 32
2024-04-03T13:32:58.887Z - GET /main.html - Visits: 33
2024-04-03T13:33:01.989Z - GET /catalog.html - Visits: 34
2024-04-03T13:33:26.425Z - GET /catalog.html? - Visits: 35
2024-04-03T13:40:36.339Z - GET /products - Visits: 36
2024-04-03T13:57:46.510Z - GET /products - Visits: 1
2024-04-03T13:57:53.825Z - GET /products - Visits: 2
2024-04-03T14:16:14.170Z - GET /products - Visits: 1
2024-04-03T14:27:55.469Z - GET /products - Visits: 2
2024-04-03T14:28:08.183Z - GET /products - Visits: 3
2024-04-03T14:31:06.914Z - GET /products - Visits: 4
2024-04-03T14:55:52.537Z - GET /products - Visits: 1
2024-04-03T15:02:10.784Z - GET /products - Visits: 2
2024-04-03T15:02:10.820Z - GET /images/%D1%88%D0%B8%D1%82%D1%8C%D0%B5%20%D1%88%D0%B0%D0%B3%20%D0%B7%D0%B0%20%D1%88%D0%B0%D0%B3%D0%BE%D0%BC%202.jpg - Visits: 3
2024-04-03T15:02:10.822Z - GET /images/%D1%88%D0%B8%D1%82%D1%8C%D0%B5%20%D1%88%D0%B0%D0%B3%20%D0%B7%D0%B0%20%D1%88%D0%B0%D0%B3%D0%BE%D0%BC%201.jpg - Visits: 3
2024-04-03T15:02:10.823Z - GET /images/seasons_68.jpg - Visits: 3
2024-04-03T15:02:10.825Z - GET /images/seasons_71.jpg - Visits: 3
2024-04-03T15:02:10.825Z - GET /images/seasons_70.jpg - Visits: 3
2024-04-03T15:02:10.826Z - GET /images/seasons_69.jpg - Visits: 3
2024-04-03T15:02:10.841Z - GET /images/Wedding-0224.jpg - Visits: 4
2024-04-03T15:02:10.843Z - GET /images/Grazia%2002.jpg - Visits: 4
2024-04-03T15:02:10.844Z - GET /images/%D1%81%D0%BE%D0%B1%D0%B0%D0%BA%D0%B002(277).jpg - Visits: 4
2024-04-03T15:02:10.846Z - GET /images/%D1%81%D0%BE%D0%B1%D0%B0%D0%BA%D0%B003(278).jpg - Visits: 4
2024-04-03T15:02:10.847Z - GET /images/%D1%81%D0%BE%D0%B1%D0%B0%D0%BA%D0%B010(273).jpg - Visits: 4
2024-04-03T15:02:10.849Z - GET /images/%D0%A1%D0%BE%D0%B1%D0%B0%D0%BA%D0%B011(250).jpg - Visits: 4
2024-04-03T15:02:10.865Z - GET /images/%D0%9F%D1%80%D0%B0%D0%B2%D0%B8%D0%BB%D0%B0%20%D0%B6%D0%B8%D0%B7%D0%BD%D0%B8%2010.jpg - Visits: 5
2024-04-03T15:02:10.866Z - GET /images/SALON-Interior-0424.jpg - Visits: 5
2024-04-03T15:02:10.866Z - GET /%D0%9F%D1%80%D0%B0%D0%B2%D0%B8%D0%BB%D0%B0%20%D0%B6%D0%B8%D0%B7%D0%BD%D0%B8%2011.jpg - Visits: 5
2024-04-03T15:17:02.384Z - GET /products - Visits: 6
2024-04-03T15:20:42.089Z - GET /products - Visits: 7
2024-04-03T15:21:44.770Z - GET /cart.html?id=undefined - Visits: 8
2024-04-03T15:48:30.662Z - GET /products - Visits: 1
2024-04-03T15:48:33.065Z - GET /product/undefined - Visits: 2
2024-04-03T15:48:38.597Z - GET /product/undefined - Visits: 3
2024-04-03T15:48:45.026Z - GET /product/undefined - Visits: 4
2024-04-03T16:08:26.601Z - GET /products - Visits: 7
2024-04-03T16:08:28.152Z - GET /product/undefined - Visits: 8
2024-04-03T16:09:33.563Z - GET /products - Visits: 9
2024-04-03T16:09:35.217Z - GET /product/undefined - Visits: 10
2024-04-03T16:09:49.444Z - POST /add-to-cart/undefined - Visits: 11
2024-04-03T16:11:15.799Z - GET /products - Visits: 12
2024-04-03T16:11:17.146Z - GET /product/undefined - Visits: 13
2024-04-03T16:19:48.440Z - GET /products - Visits: 14
2024-04-03T16:21:41.306Z - GET /products - Visits: 15
2024-04-03T16:21:57.065Z - GET /product/undefined - Visits: 16
2024-04-03T16:24:53.282Z - GET /products - Visits: 17
2024-04-03T16:25:41.127Z - GET /products - Visits: 18
2024-04-03T16:25:43.228Z - GET /product/10 - Visits: 19
2024-04-03T16:25:51.946Z - GET /products - Visits: 20
2024-04-03T16:26:03.549Z - GET /product/10 - Visits: 21
2024-04-03T16:26:09.443Z - POST /add-to-cart/10 - Visits: 22
2024-04-03T16:26:16.125Z - GET /products - Visits: 23
2024-04-03T16:26:25.453Z - GET /product/null - Visits: 24
2024-04-03T16:26:31.371Z - GET /product/null - Visits: 25
2024-04-03T16:28:41.022Z - GET /products - Visits: 26
2024-04-03T16:28:46.992Z - GET /product/10 - Visits: 27
2024-04-03T16:29:41.749Z - GET /product/3 - Visits: 28
2024-04-03T16:29:44.749Z - POST /add-to-cart/3 - Visits: 29
2024-04-03T17:06:09.512Z - GET /products - Visits: 1
2024-04-03T17:29:22.524Z - GET /userData/tihonov@gmail.com - Visits: 1
2024-04-03T17:29:22.586Z - GET /userData/tihonov@gmail.com - Visits: 1
2024-04-03T17:29:22.795Z - GET /user-orders - Visits: 2
2024-04-03T18:23:57.249Z - POST /register - Visits: 1
2024-04-03T18:23:57.397Z - GET /userData/tihonov@gmail.com - Visits: 2
2024-04-03T18:23:57.411Z - GET /user-orders - Visits: 2
2024-04-03T18:23:57.419Z - GET /userData/tihonov@gmail.com - Visits: 2
2024-04-03T18:30:49.422Z - GET /userData/tihonov@gmail.com - Visits: 3
2024-04-03T18:30:49.433Z - GET /user-orders - Visits: 3
2024-04-03T18:30:49.438Z - GET /userData/tihonov@gmail.com - Visits: 3
2024-04-03T18:30:51.116Z - GET /userData/tihonov@gmail.com - Visits: 4
2024-04-03T18:30:51.124Z - GET /user-orders - Visits: 4
2024-04-03T18:30:51.133Z - GET /userData/tihonov@gmail.com - Visits: 4
2024-04-03T18:30:51.863Z - GET /userData/tihonov@gmail.com - Visits: 5
2024-04-03T18:30:51.881Z - GET /userData/tihonov@gmail.com - Visits: 5
2024-04-03T18:30:51.888Z - GET /user-orders - Visits: 6
2024-04-03T18:31:07.438Z - POST /login - Visits: 6
2024-04-03T18:31:07.640Z - GET /userData/buivol0802@rambler.ru - Visits: 7
2024-04-03T18:31:07.663Z - GET /userData/buivol0802@rambler.ru - Visits: 7
2024-04-03T18:31:07.668Z - GET /user-orders - Visits: 8
2024-04-03T18:31:31.057Z - GET /userData/buivol0802@rambler.ru - Visits: 8
2024-04-03T18:31:35.186Z - POST /updateProfile - Visits: 9
2024-04-03T18:31:52.059Z - POST /updateProfile - Visits: 10
2024-04-03T18:31:54.239Z - GET /userData/buivol0802@rambler.ru - Visits: 11
2024-04-03T18:32:03.494Z - POST /updateProfile - Visits: 12
2024-04-03T18:32:09.348Z - POST /updateProfile - Visits: 13
2024-04-03T18:32:12.647Z - GET /userData/buivol0802@rambler.ru - Visits: 14
2024-04-03T18:32:14.373Z - GET /userData/buivol0802@rambler.ru - Visits: 15
2024-04-03T18:32:14.796Z - GET /userData/buivol0802@rambler.ru - Visits: 16
2024-04-03T18:32:27.637Z - POST /updateProfile - Visits: 17
2024-04-03T18:32:33.040Z - POST /updateProfile - Visits: 18
2024-04-03T18:32:35.396Z - GET /userData/buivol0802@rambler.ru - Visits: 19
2024-04-03T18:32:36.452Z - GET /userData/buivol0802@rambler.ru - Visits: 20
2024-04-03T18:32:44.482Z - GET /userData/buivol0802@rambler.ru - Visits: 21
2024-04-03T18:32:53.353Z - POST /updateProfile - Visits: 22
2024-04-03T18:32:55.586Z - GET /userData/buivol0802@rambler.ru - Visits: 23
2024-04-03T18:32:56.396Z - GET /userData/buivol0802@rambler.ru - Visits: 24
2024-04-03T18:33:14.070Z - POST /updateProfile - Visits: 25
2024-04-03T18:33:16.593Z - GET /userData/buivol0802@rambler.ru - Visits: 26
2024-04-03T18:33:17.872Z - GET /userData/buivol0802@rambler.ru - Visits: 27
2024-04-03T18:33:18.511Z - GET /userData/buivol0802@rambler.ru - Visits: 28
2024-04-03T18:33:34.980Z - POST /updateProfile - Visits: 29
2024-04-03T18:33:37.047Z - GET /userData/buivol0802@rambler.ru - Visits: 30
2024-04-03T18:33:39.061Z - GET /userData/buivol0802@rambler.ru - Visits: 31
2024-04-03T18:35:56.994Z - GET /userData/buivol0802@rambler.ru - Visits: 32
2024-04-03T18:35:57.005Z - GET /user-orders - Visits: 32
2024-04-03T18:35:57.010Z - GET /userData/buivol0802@rambler.ru - Visits: 32
2024-04-03T18:36:01.228Z - POST /updateProfile - Visits: 33
2024-04-03T18:36:03.454Z - GET /userData/buivol0802@rambler.ru - Visits: 34
2024-04-03T18:36:13.721Z - GET /userData/buivol0802@rambler.ru - Visits: 35
2024-04-03T18:36:15.039Z - GET /userData/buivol0802@rambler.ru - Visits: 36
2024-04-03T18:36:15.255Z - GET /userData/buivol0802@rambler.ru - Visits: 37
2024-04-03T18:36:15.709Z - POST /updateProfile - Visits: 38
2024-04-03T18:36:18.039Z - GET /userData/buivol0802@rambler.ru - Visits: 39
2024-04-03T18:36:18.470Z - GET /userData/buivol0802@rambler.ru - Visits: 40
2024-04-03T18:36:59.093Z - POST /login - Visits: 41
2024-04-03T18:36:59.321Z - GET /userData/buivol0802@rambler.ru - Visits: 42
2024-04-03T18:36:59.329Z - GET /user-orders - Visits: 42
2024-04-03T18:36:59.332Z - GET /userData/buivol0802@rambler.ru - Visits: 42
2024-04-03T18:37:02.993Z - GET /userData/buivol0802@rambler.ru - Visits: 43
2024-04-03T18:37:04.421Z - POST /updateProfile - Visits: 44
2024-04-03T18:37:09.236Z - POST /updateProfile - Visits: 45
2024-04-03T18:37:11.302Z - GET /userData/buivol0802@rambler.ru - Visits: 46
2024-04-03T18:37:12.469Z - GET /userData/buivol0802@rambler.ru - Visits: 47
2024-04-03T18:37:20.067Z - GET /userData/buivol0802@rambler.ru - Visits: 48
2024-04-03T18:37:20.966Z - POST /updateProfile - Visits: 49
2024-04-03T18:37:23.138Z - GET /userData/buivol0802@rambler.ru - Visits: 50
2024-04-03T18:37:24.672Z - GET /userData/buivol0802@rambler.ru - Visits: 51
2024-04-03T19:12:04.556Z - GET /userData/buivol0802@rambler.ru - Visits: 1
2024-04-03T19:12:04.572Z - GET /userData/buivol0802@rambler.ru - Visits: 1
2024-04-03T19:12:04.578Z - GET /user-orders - Visits: 2
2024-04-03T19:12:20.736Z - POST /updateProfile - Visits: 3
2024-04-03T19:12:23.450Z - GET /userData/buivol0802@rambler.ru - Visits: 4
2024-04-03T19:12:43.319Z - POST /updateProfile - Visits: 5
2024-04-03T19:27:35.312Z - POST /login - Visits: 6
2024-04-03T19:27:35.526Z - GET /userData/buivol0802@rambler.ru - Visits: 7
2024-04-03T19:27:35.547Z - GET /userData/buivol0802@rambler.ru - Visits: 7
2024-04-03T19:27:35.560Z - GET /user-orders - Visits: 8
2024-04-03T19:27:39.331Z - POST /updateProfile - Visits: 9
2024-04-03T19:27:41.356Z - GET /userData/buivol0802@rambler.ru - Visits: 10
2024-04-03T19:28:04.090Z - GET /products - Visits: 11
2024-04-03T19:28:16.310Z - GET /userData/buivol0802@rambler.ru - Visits: 12
2024-04-03T19:28:16.323Z - GET /userData/buivol0802@rambler.ru - Visits: 12
2024-04-03T19:28:16.353Z - GET /user-orders - Visits: 13
2024-04-03T19:40:39.600Z - GET /products - Visits: 14
2024-04-03T19:40:40.997Z - GET /product/10 - Visits: 15
2024-04-03T19:53:19.119Z - GET /product/1 - Visits: 16
2024-04-03T19:53:23.579Z - GET /userData/buivol0802@rambler.ru - Visits: 17
2024-04-03T19:53:23.595Z - GET /userData/buivol0802@rambler.ru - Visits: 17
2024-04-03T19:53:23.604Z - GET /user-orders - Visits: 18
2024-04-03T19:53:27.893Z - POST /updateProfile - Visits: 19
2024-04-03T19:53:30.270Z - GET /userData/buivol0802@rambler.ru - Visits: 20
2024-04-03T19:53:31.452Z - GET /userData/buivol0802@rambler.ru - Visits: 21
2024-04-03T19:53:31.693Z - GET /userData/buivol0802@rambler.ru - Visits: 22
2024-04-03T19:53:31.861Z - GET /userData/buivol0802@rambler.ru - Visits: 23
2024-04-03T19:53:33.554Z - GET /userData/buivol0802@rambler.ru - Visits: 24
2024-04-03T19:53:35.608Z - POST /updateProfile - Visits: 25
2024-04-03T19:53:37.499Z - GET /userData/buivol0802@rambler.ru - Visits: 26
2024-04-03T19:53:38.258Z - GET /userData/buivol0802@rambler.ru - Visits: 27
2024-04-03T19:54:22.502Z - GET /products - Visits: 28
2024-04-03T19:54:23.445Z - GET /product/10 - Visits: 29
2024-04-03T19:54:25.625Z - POST /add-to-cart/10 - Visits: 30
2024-04-03T19:54:29.639Z - GET /userData/buivol0802@rambler.ru - Visits: 31
2024-04-03T19:54:29.651Z - GET /user-orders - Visits: 31
2024-04-03T19:54:29.656Z - GET /userData/buivol0802@rambler.ru - Visits: 31
2024-04-03T19:54:35.234Z - GET /products - Visits: 32
2024-04-03T19:54:41.238Z - GET /product/10 - Visits: 33
2024-04-03T19:54:42.822Z - GET /userData/buivol0802@rambler.ru - Visits: 34
2024-04-03T19:54:42.839Z - GET /userData/buivol0802@rambler.ru - Visits: 34
2024-04-03T19:54:42.851Z - GET /user-orders - Visits: 35
2024-04-03T20:13:22.414Z - POST /login - Visits: 1
2024-04-03T20:13:22.620Z - GET /userData/buivol0802@rambler.ru - Visits: 2
2024-04-03T20:13:22.636Z - GET /userData/buivol0802@rambler.ru - Visits: 2
2024-04-03T20:13:22.655Z - GET /user-orders - Visits: 3
2024-04-03T20:13:33.144Z - POST /updateProfile - Visits: 4
2024-04-03T20:13:35.254Z - POST /updateProfile - Visits: 5
2024-04-03T20:13:45.073Z - GET /userData/buivol0802@rambler.ru - Visits: 6
2024-04-03T20:13:45.807Z - GET /userData/buivol0802@rambler.ru - Visits: 7
2024-04-03T20:13:48.775Z - GET /userData/buivol0802@rambler.ru - Visits: 8
2024-04-03T20:13:55.672Z - POST /updateProfile - Visits: 9
2024-04-03T20:13:58.019Z - GET /userData/buivol0802@rambler.ru - Visits: 10
2024-04-03T20:14:11.820Z - POST /updateProfile - Visits: 11
2024-04-03T20:14:14.281Z - POST /updateProfile - Visits: 12
2024-04-03T20:14:17.936Z - GET /userData/buivol0802@rambler.ru - Visits: 13
2024-04-03T20:14:25.087Z - GET /userData/buivol0802@rambler.ru - Visits: 14
2024-04-03T20:21:21.554Z - GET /products - Visits: 15
2024-04-03T20:21:22.821Z - GET /product/10 - Visits: 16
2024-04-03T20:21:25.814Z - POST /add-to-cart/10 - Visits: 17
2024-04-03T20:21:28.806Z - GET /products - Visits: 18
2024-04-03T20:28:58.323Z - GET /products - Visits: 19
2024-04-03T20:28:59.475Z - GET /userData/buivol0802@rambler.ru - Visits: 20
2024-04-03T20:28:59.502Z - GET /userData/buivol0802@rambler.ru - Visits: 20
2024-04-03T20:28:59.515Z - GET /user-orders - Visits: 21
2024-04-03T20:29:03.486Z - GET /products - Visits: 22
2024-04-03T20:29:04.794Z - GET /product/10 - Visits: 23
2024-04-03T20:29:07.348Z - POST /add-to-cart/10 - Visits: 24
2024-04-03T20:39:07.677Z - POST /login - Visits: 25
2024-04-03T20:39:08.012Z - GET /userData/buivol0802@rambler.ru - Visits: 26
2024-04-03T20:39:08.033Z - GET /userData/buivol0802@rambler.ru - Visits: 26
2024-04-03T20:39:08.060Z - GET /user-orders - Visits: 27
2024-04-03T20:39:12.141Z - GET /products - Visits: 28
2024-04-03T20:39:13.014Z - GET /product/10 - Visits: 29
2024-04-03T20:39:15.003Z - POST /add-to-cart/10 - Visits: 30
2024-04-03T20:39:17.829Z - GET /basket - Visits: 31
2024-04-03T20:43:14.427Z - GET /products - Visits: 32
2024-04-03T20:43:15.709Z - GET /product/10 - Visits: 33
2024-04-03T20:43:17.830Z - POST /add-to-cart/10 - Visits: 34
2024-04-03T20:43:19.753Z - GET /basket - Visits: 35
2024-04-03T20:49:13.092Z - POST /login - Visits: 36
2024-04-03T20:49:13.443Z - GET /userData/buivol0802@rambler.ru - Visits: 37
2024-04-03T20:49:13.464Z - GET /user-orders - Visits: 37
2024-04-03T20:49:13.468Z - GET /userData/buivol0802@rambler.ru - Visits: 37
2024-04-03T20:49:18.395Z - GET /products - Visits: 38
2024-04-03T20:49:19.593Z - GET /product/10 - Visits: 39
2024-04-03T20:49:21.681Z - POST /add-to-cart/10 - Visits: 40
2024-04-03T20:49:23.279Z - GET /basket - Visits: 41
2024-04-03T20:49:25.005Z - GET /basket - Visits: 42
2024-04-03T20:49:30.656Z - GET /basket - Visits: 43
2024-04-03T20:49:33.427Z - GET /products - Visits: 44
2024-04-03T20:49:34.668Z - GET /product/10 - Visits: 45
2024-04-03T20:49:36.816Z - POST /add-to-cart/10 - Visits: 46
2024-04-03T20:49:38.099Z - GET /basket - Visits: 47
2024-04-03T20:52:32.425Z - POST /login - Visits: 48
2024-04-03T20:52:32.768Z - GET /userData/buivol0802@rambler.ru - Visits: 49
2024-04-03T20:52:32.788Z - GET /userData/buivol0802@rambler.ru - Visits: 49
2024-04-03T20:52:32.814Z - GET /user-orders - Visits: 50
2024-04-03T20:52:35.682Z - POST /updateProfile - Visits: 51
2024-04-03T20:52:57.160Z - GET /products - Visits: 52
2024-04-03T20:52:58.205Z - GET /product/10 - Visits: 53
2024-04-03T20:53:00.405Z - POST /add-to-cart/10 - Visits: 54
2024-04-03T20:53:08.865Z - GET /basket - Visits: 55
2024-04-03T21:11:25.890Z - POST /login - Visits: 1
2024-04-03T21:11:26.229Z - GET /userData/buivol0802@rambler.ru - Visits: 2
2024-04-03T21:11:26.246Z - GET /userData/buivol0802@rambler.ru - Visits: 2
2024-04-03T21:11:26.257Z - GET /user-orders - Visits: 3
2024-04-03T21:11:30.577Z - GET /products - Visits: 4
2024-04-03T21:11:32.037Z - GET /product/10 - Visits: 5
2024-04-03T21:11:34.534Z - POST /add-to-cart/10 - Visits: 6
2024-04-03T21:11:37.249Z - GET /basket - Visits: 7
2024-04-03T21:12:21.074Z - POST /login - Visits: 8
2024-04-03T21:12:21.445Z - GET /userData/buivol0802@rambler.ru - Visits: 9
2024-04-03T21:12:21.473Z - GET /userData/buivol0802@rambler.ru - Visits: 9
2024-04-03T21:12:21.489Z - GET /user-orders - Visits: 10
2024-04-03T21:12:24.589Z - GET /products - Visits: 10
2024-04-03T21:12:26.806Z - GET /product/10 - Visits: 11
2024-04-03T21:12:30.148Z - POST /add-to-cart/10 - Visits: 12
2024-04-03T21:13:02.349Z - POST /add-to-cart/10 - Visits: 13
2024-04-03T21:13:03.747Z - GET /basket - Visits: 14
2024-04-03T21:13:05.401Z - GET /basket - Visits: 15
2024-04-03T21:14:17.574Z - POST /login - Visits: 16
2024-04-03T21:14:17.979Z - GET /userData/buivol0802@rambler.ru - Visits: 17
2024-04-03T21:14:17.999Z - GET /user-orders - Visits: 17
2024-04-03T21:14:18.012Z - GET /userData/buivol0802@rambler.ru - Visits: 17
2024-04-03T21:14:19.956Z - GET /products - Visits: 18
2024-04-03T21:14:21.321Z - GET /product/10 - Visits: 19
2024-04-03T21:14:24.100Z - POST /add-to-cart/10 - Visits: 20
2024-04-03T21:14:25.558Z - GET /basket - Visits: 21
2024-04-03T21:18:31.289Z - POST /login - Visits: 22
2024-04-03T21:18:31.641Z - GET /userData/buivol0802@rambler.ru - Visits: 23
2024-04-03T21:18:31.670Z - GET /userData/buivol0802@rambler.ru - Visits: 23
2024-04-03T21:18:31.671Z - GET /user-orders - Visits: 24
2024-04-03T21:18:36.374Z - POST /updateProfile - Visits: 24
2024-04-03T21:18:38.765Z - GET /userData/buivol0802@rambler.ru - Visits: 25
2024-04-03T21:18:48.522Z - GET /products - Visits: 26
2024-04-03T21:18:49.491Z - GET /product/10 - Visits: 27
2024-04-03T21:18:52.595Z - POST /add-to-cart/10 - Visits: 28
2024-04-03T21:19:04.198Z - GET /basket - Visits: 29
2024-04-03T21:24:26.639Z - POST /login - Visits: 30
2024-04-03T21:24:29.582Z - POST /login - Visits: 31
2024-04-03T21:24:31.974Z - POST /login - Visits: 32
2024-04-03T21:24:32.163Z - POST /login - Visits: 33
2024-04-03T21:24:50.366Z - POST /login - Visits: 34
2024-04-03T21:24:50.704Z - GET /userData/buivol0802@rambler.ru - Visits: 35
2024-04-03T21:24:50.733Z - GET /userData/buivol0802@rambler.ru - Visits: 35
2024-04-03T21:24:50.740Z - GET /user-orders - Visits: 36
2024-04-03T21:24:53.937Z - GET /products - Visits: 36
2024-04-03T21:24:54.862Z - GET /product/10 - Visits: 37
2024-04-03T21:24:57.174Z - POST /add-to-cart/10 - Visits: 38
2024-04-03T21:25:04.730Z - GET /basket - Visits: 39
2024-04-03T21:28:42.952Z - POST /login - Visits: 40
2024-04-03T21:28:43.303Z - GET /userData/buivol0802@rambler.ru - Visits: 41
2024-04-03T21:28:43.329Z - GET /user-orders - Visits: 41
2024-04-03T21:28:43.333Z - GET /userData/buivol0802@rambler.ru - Visits: 41
2024-04-03T21:28:46.280Z - GET /products - Visits: 42
2024-04-03T21:28:47.597Z - GET /product/10 - Visits: 43
2024-04-03T21:28:50.263Z - POST /add-to-cart/10 - Visits: 44
2024-04-03T21:28:51.763Z - GET /basket - Visits: 45
2024-04-03T21:29:21.989Z - GET /products - Visits: 46
2024-04-03T21:29:23.816Z - GET /product/10 - Visits: 47
2024-04-03T21:29:26.676Z - POST /add-to-cart/10 - Visits: 48
2024-04-03T21:29:28.429Z - GET /basket - Visits: 49
2024-04-03T21:29:30.094Z - GET /basket - Visits: 50
2024-04-03T21:30:06.845Z - POST /login - Visits: 51
2024-04-03T21:30:07.199Z - GET /userData/buivol0802@rambler.ru - Visits: 52
2024-04-03T21:30:07.222Z - GET /userData/buivol0802@rambler.ru - Visits: 52
2024-04-03T21:30:07.240Z - GET /user-orders - Visits: 53
2024-04-03T21:30:09.526Z - GET /products - Visits: 54
2024-04-03T21:30:10.325Z - GET /product/10 - Visits: 55
2024-04-03T21:30:12.360Z - POST /add-to-cart/10 - Visits: 56
2024-04-03T21:30:13.551Z - GET /basket - Visits: 57
2024-04-03T21:31:00.752Z - POST /login - Visits: 58
2024-04-03T21:31:01.100Z - GET /userData/buivol0802@rambler.ru - Visits: 59
2024-04-03T21:31:01.129Z - GET /userData/buivol0802@rambler.ru - Visits: 59
2024-04-03T21:31:01.145Z - GET /user-orders - Visits: 60
2024-04-03T21:31:02.739Z - GET /products - Visits: 61
2024-04-03T21:31:03.728Z - GET /product/10 - Visits: 62
2024-04-03T21:31:05.816Z - POST /add-to-cart/10 - Visits: 63
2024-04-03T21:31:07.262Z - GET /basket - Visits: 64
2024-04-03T21:35:30.484Z - GET /userData/buivol0802@rambler.ru - Visits: 65
2024-04-03T21:35:30.505Z - GET /userData/buivol0802@rambler.ru - Visits: 65
2024-04-03T21:35:30.538Z - GET /user-orders - Visits: 66
2024-04-03T21:36:01.609Z - POST /register - Visits: 67
2024-04-03T21:36:05.635Z - POST /login - Visits: 68
2024-04-03T21:36:05.984Z - GET /userData/tihonov@gmail.com - Visits: 69
2024-04-03T21:36:06.011Z - GET /userData/tihonov@gmail.com - Visits: 69
2024-04-03T21:36:06.011Z - GET /user-orders - Visits: 69
2024-04-03T21:36:10.295Z - GET /products - Visits: 70
2024-04-03T21:36:11.576Z - GET /product/10 - Visits: 71
2024-04-03T21:36:13.755Z - POST /add-to-cart/10 - Visits: 72
2024-04-03T21:36:23.988Z - GET /basket - Visits: 73
2024-04-03T21:36:45.555Z - GET /userData/tihonov@gmail.com - Visits: 74
2024-04-03T21:36:45.576Z - GET /userData/tihonov@gmail.com - Visits: 74
2024-04-03T21:36:45.600Z - GET /user-orders - Visits: 75
2024-04-03T21:36:58.063Z - GET /products - Visits: 76
2024-04-03T21:37:00.561Z - GET /product/11 - Visits: 77
2024-04-03T21:37:02.726Z - POST /add-to-cart/11 - Visits: 78
2024-04-03T21:37:04.317Z - GET /basket - Visits: 79
2024-04-03T21:37:05.688Z - GET /basket - Visits: 80
2024-04-03T21:37:06.980Z - PUT /place-order - Visits: 81
2024-04-03T21:48:34.218Z - POST /login - Visits: 82
2024-04-03T21:48:34.573Z - GET /userData/buivol0802@rambler.ru - Visits: 83
2024-04-03T21:48:34.600Z - GET /userData/buivol0802@rambler.ru - Visits: 83
2024-04-03T21:48:34.619Z - GET /user-orders - Visits: 84
2024-04-03T21:48:38.087Z - GET /products - Visits: 85
2024-04-03T21:48:39.623Z - GET /product/10 - Visits: 86
2024-04-03T21:48:41.755Z - POST /add-to-cart/10 - Visits: 87
2024-04-03T21:48:43.674Z - GET /basket - Visits: 88
2024-04-03T21:54:52.388Z - GET /products - Visits: 89
2024-04-03T21:54:53.796Z - GET /product/10 - Visits: 90
2024-04-03T21:54:55.259Z - GET /userData/buivol0802@rambler.ru - Visits: 91
2024-04-03T21:54:55.278Z - GET /userData/buivol0802@rambler.ru - Visits: 91
2024-04-03T21:54:55.293Z - GET /user-orders - Visits: 92
2024-04-03T21:54:56.013Z - GET /products - Visits: 93
2024-04-03T21:54:57.438Z - GET /product/10 - Visits: 94
2024-04-03T21:54:59.232Z - POST /add-to-cart/10 - Visits: 95
2024-04-03T21:55:00.780Z - GET /basket - Visits: 96
2024-04-03T21:55:32.987Z - GET /basket - Visits: 97
2024-04-03T21:55:35.984Z - GET /userData/buivol0802@rambler.ru - Visits: 98
2024-04-03T21:55:36.004Z - GET /userData/buivol0802@rambler.ru - Visits: 98
2024-04-03T21:55:36.025Z - GET /user-orders - Visits: 99
2024-04-03T21:55:37.991Z - GET /basket - Visits: 100
2024-04-03T21:55:40.583Z - GET /basket - Visits: 101
2024-04-03T21:59:46.125Z - POST /login - Visits: 102
2024-04-03T21:59:46.497Z - GET /userData/buivol0802@rambler.ru - Visits: 103
2024-04-03T21:59:46.520Z - GET /userData/buivol0802@rambler.ru - Visits: 103
2024-04-03T21:59:46.534Z - GET /user-orders - Visits: 104
2024-04-03T21:59:51.379Z - POST /updateProfile - Visits: 104
2024-04-03T21:59:55.336Z - GET /products - Visits: 105
2024-04-03T21:59:56.432Z - GET /product/10 - Visits: 106
2024-04-03T21:59:58.450Z - POST /add-to-cart/10 - Visits: 107
2024-04-03T22:00:00.061Z - GET /basket - Visits: 108
2024-04-03T22:14:06.913Z - POST /login - Visits: 109
2024-04-03T22:14:07.311Z - GET /userData/buivol0802@rambler.ru - Visits: 110
2024-04-03T22:14:07.342Z - GET /userData/buivol0802@rambler.ru - Visits: 110
2024-04-03T22:14:07.373Z - GET /user-orders - Visits: 111
2024-04-03T22:14:24.430Z - GET /products - Visits: 112
2024-04-03T22:14:25.308Z - GET /product/10 - Visits: 113
2024-04-03T22:14:27.313Z - POST /add-to-cart/10 - Visits: 114
2024-04-03T22:14:28.794Z - GET /basket - Visits: 115
2024-04-03T22:26:45.025Z - GET /basket - Visits: 116
2024-04-03T22:26:46.077Z - PUT /place-order - Visits: 117
2024-04-03T22:28:37.607Z - POST /login - Visits: 118
2024-04-03T22:28:37.854Z - GET /userData/buivol0802@rambler.ru - Visits: 119
2024-04-03T22:28:37.869Z - GET /user-orders - Visits: 119
2024-04-03T22:28:37.887Z - GET /userData/buivol0802@rambler.ru - Visits: 119
2024-04-03T22:28:40.714Z - GET /products - Visits: 120
2024-04-03T22:28:42.318Z - GET /product/10 - Visits: 121
2024-04-03T22:28:44.072Z - POST /add-to-cart/10 - Visits: 122
2024-04-03T22:28:52.659Z - GET /basket - Visits: 123
2024-04-03T22:29:02.014Z - GET /userData/buivol0802@rambler.ru - Visits: 124
2024-04-03T22:29:02.033Z - GET /userData/buivol0802@rambler.ru - Visits: 124
2024-04-03T22:29:02.040Z - GET /user-orders - Visits: 125
2024-04-03T22:29:04.124Z - GET /userData/buivol0802@rambler.ru - Visits: 126
2024-04-03T22:29:06.116Z - GET /basket - Visits: 127
2024-04-03T22:29:12.051Z - GET /products - Visits: 128
2024-04-03T22:29:15.314Z - GET /product/3 - Visits: 129
2024-04-03T22:29:18.030Z - POST /add-to-cart/3 - Visits: 130
2024-04-03T22:29:20.548Z - GET /basket - Visits: 131
2024-04-03T22:40:06.600Z - POST /login - Visits: 132
2024-04-03T22:40:06.819Z - GET /userData/buivol0802@rambler.ru - Visits: 133
2024-04-03T22:40:06.853Z - GET /userData/buivol0802@rambler.ru - Visits: 133
2024-04-03T22:40:06.865Z - GET /user-orders - Visits: 134
2024-04-03T22:40:09.746Z - GET /products - Visits: 135
2024-04-03T22:40:14.519Z - GET /product/11 - Visits: 136
2024-04-03T22:40:17.620Z - POST /add-to-cart/11 - Visits: 137
2024-04-03T22:40:19.206Z - GET /basket - Visits: 138
2024-04-03T22:50:04.729Z - POST /login - Visits: 139
2024-04-03T22:50:04.957Z - GET /userData/buivol0802@rambler.ru - Visits: 140
2024-04-03T22:50:04.984Z - GET /userData/buivol0802@rambler.ru - Visits: 140
2024-04-03T22:50:04.989Z - GET /user-orders - Visits: 141
2024-04-03T22:50:10.509Z - GET /products - Visits: 142
2024-04-03T22:50:11.637Z - GET /product/10 - Visits: 143
2024-04-03T22:50:13.751Z - POST /add-to-cart/10 - Visits: 144
2024-04-03T22:50:15.374Z - GET /basket - Visits: 145
2024-04-03T22:54:57.868Z - POST /login - Visits: 146
2024-04-03T22:54:58.097Z - GET /userData/buivol0802@rambler.ru - Visits: 147
2024-04-03T22:54:58.124Z - GET /userData/buivol0802@rambler.ru - Visits: 147
2024-04-03T22:54:58.143Z - GET /user-orders - Visits: 148
2024-04-03T22:55:00.347Z - GET /products - Visits: 149
2024-04-03T22:55:01.316Z - GET /product/10 - Visits: 150
2024-04-03T22:55:03.265Z - POST /add-to-cart/10 - Visits: 151
2024-04-03T22:55:04.425Z - GET /basket - Visits: 152
2024-04-03T22:55:14.010Z - GET /basket - Visits: 153
2024-04-03T23:03:33.840Z - POST /login - Visits: 154
2024-04-03T23:03:34.049Z - GET /userData/buivol0802@rambler.ru - Visits: 155
2024-04-03T23:03:34.082Z - GET /userData/buivol0802@rambler.ru - Visits: 155
2024-04-03T23:03:34.174Z - GET /user-orders - Visits: 156
2024-04-03T23:03:36.345Z - GET /products - Visits: 157
2024-04-03T23:03:37.363Z - GET /basket - Visits: 158
2024-04-03T23:03:39.044Z - GET /products - Visits: 159
2024-04-03T23:03:40.268Z - GET /product/10 - Visits: 160
2024-04-03T23:03:42.225Z - POST /add-to-cart/10 - Visits: 161
2024-04-03T23:03:43.301Z - GET /basket - Visits: 162
2024-04-03T23:25:55.505Z - GET /basket - Visits: 1
2024-04-03T23:25:57.892Z - GET /userData/buivol0802@rambler.ru - Visits: 2
2024-04-03T23:25:57.913Z - GET /userData/buivol0802@rambler.ru - Visits: 2
2024-04-03T23:25:57.932Z - GET /user-orders - Visits: 3
2024-04-03T23:25:59.759Z - GET /products - Visits: 4
2024-04-03T23:26:01.257Z - GET /product/10 - Visits: 5
2024-04-03T23:26:03.916Z - POST /add-to-cart/10 - Visits: 6
2024-04-03T23:26:05.057Z - GET /basket - Visits: 7
2024-04-03T23:26:36.097Z - POST /login - Visits: 8
2024-04-03T23:26:36.306Z - GET /userData/buivol0802@rambler.ru - Visits: 9
2024-04-03T23:26:36.327Z - GET /user-orders - Visits: 10
2024-04-03T23:26:36.328Z - GET /userData/buivol0802@rambler.ru - Visits: 9
2024-04-03T23:26:39.002Z - GET /products - Visits: 10
2024-04-03T23:26:40.277Z - GET /product/10 - Visits: 11
2024-04-03T23:26:41.836Z - POST /add-to-cart/10 - Visits: 12
2024-04-03T23:26:42.949Z - GET /basket - Visits: 13
2024-04-03T23:37:39.789Z - POST /login - Visits: 14
2024-04-03T23:37:40.019Z - GET /userData/buivol0802@rambler.ru - Visits: 15
2024-04-03T23:37:40.046Z - GET /userData/buivol0802@rambler.ru - Visits: 15
2024-04-03T23:37:40.058Z - GET /user-orders - Visits: 16
2024-04-03T23:37:42.209Z - GET /products - Visits: 17
2024-04-03T23:37:43.593Z - GET /product/10 - Visits: 18
2024-04-03T23:37:46.079Z - POST /add-to-cart/10 - Visits: 19
2024-04-03T23:37:47.482Z - GET /basket - Visits: 20
2024-04-03T23:39:47.228Z - POST /login - Visits: 21
2024-04-03T23:39:47.442Z - GET /userData/buivol0802@rambler.ru - Visits: 22
2024-04-03T23:39:47.454Z - GET /user-orders - Visits: 22
2024-04-03T23:39:47.463Z - GET /userData/buivol0802@rambler.ru - Visits: 22
2024-04-03T23:39:49.172Z - GET /products - Visits: 23
2024-04-03T23:39:50.461Z - GET /product/10 - Visits: 24
2024-04-03T23:39:52.076Z - POST /add-to-cart/10 - Visits: 25
2024-04-03T23:39:53.236Z - GET /basket - Visits: 26
2024-04-03T23:41:43.815Z - POST /login - Visits: 27
2024-04-03T23:41:44.036Z - GET /userData/buivol0802@rambler.ru - Visits: 28
2024-04-03T23:41:44.060Z - GET /userData/buivol0802@rambler.ru - Visits: 28
2024-04-03T23:41:44.067Z - GET /user-orders - Visits: 29
2024-04-03T23:41:45.003Z - GET /products - Visits: 30
2024-04-03T23:41:46.389Z - GET /product/10 - Visits: 31
2024-04-03T23:41:47.960Z - POST /add-to-cart/10 - Visits: 32
2024-04-03T23:41:49.072Z - GET /basket - Visits: 33
2024-04-03T23:46:10.774Z - POST /login - Visits: 34
2024-04-03T23:46:10.987Z - GET /userData/buivol0802@rambler.ru - Visits: 35
2024-04-03T23:46:11.011Z - GET /userData/buivol0802@rambler.ru - Visits: 35
2024-04-03T23:46:11.018Z - GET /user-orders - Visits: 36
2024-04-03T23:46:12.958Z - GET /products - Visits: 37
2024-04-03T23:46:14.123Z - GET /product/10 - Visits: 38
2024-04-03T23:46:16.903Z - POST /add-to-cart/10 - Visits: 39
2024-04-03T23:46:18.108Z - GET /basket - Visits: 40
2024-04-03T23:46:20.329Z - GET /basket - Visits: 41
2024-04-03T23:48:58.109Z - POST /login - Visits: 42
2024-04-03T23:48:58.326Z - GET /userData/buivol0802@rambler.ru - Visits: 43
2024-04-03T23:48:58.345Z - GET /userData/buivol0802@rambler.ru - Visits: 43
2024-04-03T23:48:58.352Z - GET /user-orders - Visits: 44
2024-04-03T23:49:00.029Z - GET /products - Visits: 45
2024-04-03T23:49:01.576Z - GET /product/10 - Visits: 46
2024-04-03T23:49:04.011Z - POST /add-to-cart/10 - Visits: 47
2024-04-03T23:49:05.266Z - GET /basket - Visits: 48
2024-04-03T23:51:13.062Z - POST /login - Visits: 49
2024-04-03T23:51:13.286Z - GET /userData/buivol0802@rambler.ru - Visits: 50
2024-04-03T23:51:13.306Z - GET /userData/buivol0802@rambler.ru - Visits: 50
2024-04-03T23:51:13.307Z - GET /user-orders - Visits: 51
2024-04-03T23:51:15.722Z - GET /products - Visits: 52
2024-04-03T23:51:16.996Z - GET /product/10 - Visits: 53
2024-04-03T23:51:18.951Z - POST /add-to-cart/10 - Visits: 54
2024-04-03T23:51:20.638Z - GET /basket - Visits: 55
2024-04-03T23:52:56.264Z - GET /basket - Visits: 56
2024-04-03T23:52:57.467Z - GET /userData/buivol0802@rambler.ru - Visits: 57
2024-04-03T23:52:57.479Z - GET /userData/buivol0802@rambler.ru - Visits: 57
2024-04-03T23:52:57.486Z - GET /user-orders - Visits: 58
2024-04-03T23:52:58.960Z - GET /basket - Visits: 59
2024-04-03T23:52:59.872Z - GET /basket - Visits: 60
2024-04-03T23:53:00.900Z - PUT /place-order - Visits: 61
2024-04-03T23:53:03.112Z - GET /userData/buivol0802@rambler.ru - Visits: 62
2024-04-03T23:53:03.127Z - GET /userData/buivol0802@rambler.ru - Visits: 62
2024-04-03T23:53:03.132Z - GET /user-orders - Visits: 63
2024-04-03T23:54:24.749Z - POST /login - Visits: 64
2024-04-03T23:54:24.983Z - GET /userData/buivol0802@rambler.ru - Visits: 65
2024-04-03T23:54:24.997Z - GET /user-orders - Visits: 65
2024-04-03T23:54:25.002Z - GET /userData/buivol0802@rambler.ru - Visits: 65
2024-04-03T23:54:27.690Z - GET /products - Visits: 66
2024-04-03T23:54:28.705Z - GET /product/10 - Visits: 67
2024-04-03T23:54:30.714Z - POST /add-to-cart/10 - Visits: 68
2024-04-03T23:54:32.306Z - GET /basket - Visits: 69
2024-04-03T23:55:41.570Z - GET /basket - Visits: 70
2024-04-03T23:55:42.794Z - GET /userData/buivol0802@rambler.ru - Visits: 71
2024-04-03T23:55:42.816Z - GET /userData/buivol0802@rambler.ru - Visits: 71
2024-04-03T23:55:42.826Z - GET /user-orders - Visits: 72
2024-04-03T23:55:43.998Z - GET /basket - Visits: 73
2024-04-04T00:09:17.478Z - GET /basket - Visits: 74
2024-04-04T00:09:18.991Z - GET /userData/buivol0802@rambler.ru - Visits: 75
2024-04-04T00:09:19.007Z - GET /userData/buivol0802@rambler.ru - Visits: 75
2024-04-04T00:09:19.021Z - GET /user-orders - Visits: 76
2024-04-04T00:09:21.236Z - GET /userData/buivol0802@rambler.ru - Visits: 77
2024-04-04T00:09:33.195Z - GET /basket - Visits: 78
2024-04-04T00:09:55.867Z - GET /basket - Visits: 79
2024-04-04T00:09:57.118Z - GET /userData/buivol0802@rambler.ru - Visits: 80
2024-04-04T00:09:57.133Z - GET /userData/buivol0802@rambler.ru - Visits: 80
2024-04-04T00:09:57.145Z - GET /user-orders - Visits: 81
2024-04-04T00:09:57.916Z - GET /basket - Visits: 82
2024-04-04T00:09:59.138Z - GET /basket - Visits: 83
2024-04-04T00:10:43.045Z - GET /userData/buivol0802@rambler.ru - Visits: 84
2024-04-04T00:10:43.064Z - GET /userData/buivol0802@rambler.ru - Visits: 84
2024-04-04T00:10:43.093Z - GET /user-orders - Visits: 85
2024-04-04T00:10:43.747Z - GET /basket - Visits: 86
2024-04-04T00:10:49.979Z - DELETE /remove-from-cart/1/undefined - Visits: 87
2024-04-04T00:11:14.742Z - GET /basket - Visits: 88
2024-04-04T00:11:17.194Z - PUT /place-order - Visits: 89
2024-04-04T00:12:00.137Z - GET /basket - Visits: 90
2024-04-04T00:13:21.388Z - POST /login - Visits: 91
2024-04-04T00:13:21.611Z - GET /userData/buivol0802@rambler.ru - Visits: 92
2024-04-04T00:13:21.623Z - GET /user-orders - Visits: 92
2024-04-04T00:13:21.630Z - GET /userData/buivol0802@rambler.ru - Visits: 92
2024-04-04T00:13:23.748Z - GET /products - Visits: 93
2024-04-04T00:13:24.884Z - GET /product/10 - Visits: 94
2024-04-04T00:13:27.368Z - POST /add-to-cart/10 - Visits: 95
2024-04-04T00:13:28.694Z - GET /basket - Visits: 96
2024-04-04T00:27:09.425Z - POST /login - Visits: 97
2024-04-04T00:27:09.667Z - GET /userData/buivol0802@rambler.ru - Visits: 98
2024-04-04T00:27:09.684Z - GET /userData/buivol0802@rambler.ru - Visits: 98
2024-04-04T00:27:09.700Z - GET /user-orders - Visits: 99
2024-04-04T00:27:11.812Z - GET /basket - Visits: 100
2024-04-04T00:27:12.984Z - GET /userData/buivol0802@rambler.ru - Visits: 101
2024-04-04T00:27:12.990Z - GET /user-orders - Visits: 101
2024-04-04T00:27:12.996Z - GET /userData/buivol0802@rambler.ru - Visits: 101
2024-04-04T00:27:14.799Z - GET /products - Visits: 102
2024-04-04T00:27:16.324Z - GET /product/10 - Visits: 103
2024-04-04T00:27:18.186Z - POST /add-to-cart/10 - Visits: 104
2024-04-04T00:27:19.910Z - GET /basket - Visits: 105
2024-04-04T00:29:53.041Z - DELETE /remove-from-cart/6/undefined - Visits: 106
2024-04-04T00:29:54.941Z - DELETE /remove-from-cart/6/undefined - Visits: 107
2024-04-04T00:30:10.619Z - GET /basket - Visits: 108
2024-04-04T00:30:13.412Z - PUT /place-order - Visits: 109
2024-04-04T00:30:16.491Z - GET /userData/buivol0802@rambler.ru - Visits: 110
2024-04-04T00:30:16.508Z - GET /userData/buivol0802@rambler.ru - Visits: 110
2024-04-04T00:30:16.517Z - GET /user-orders - Visits: 111
2024-04-04T00:30:23.124Z - GET /basket - Visits: 112
2024-04-04T00:30:24.794Z - GET /userData/buivol0802@rambler.ru - Visits: 113
2024-04-04T00:30:24.803Z - GET /user-orders - Visits: 113
2024-04-04T00:30:24.813Z - GET /userData/buivol0802@rambler.ru - Visits: 113
2024-04-04T00:30:27.379Z - GET /basket - Visits: 114
2024-04-04T00:30:28.287Z - DELETE /remove-from-cart/6/undefined - Visits: 115
2024-04-04T00:30:30.815Z - GET /userData/buivol0802@rambler.ru - Visits: 116
2024-04-04T00:30:30.832Z - GET /userData/buivol0802@rambler.ru - Visits: 116
2024-04-04T00:30:30.832Z - GET /user-orders - Visits: 117
2024-04-04T00:30:35.428Z - GET /products - Visits: 118
2024-04-04T00:30:38.793Z - GET /products - Visits: 119
2024-04-04T00:30:40.802Z - GET /basket - Visits: 120
2024-04-04T00:31:54.527Z - GET /basket - Visits: 121
2024-04-04T00:31:55.480Z - DELETE /remove-from-cart/6/undefined - Visits: 122
2024-04-04T00:32:21.133Z - GET /basket - Visits: 123
2024-04-04T00:32:22.987Z - GET /userData/buivol0802@rambler.ru - Visits: 124
2024-04-04T00:32:23.010Z - GET /userData/buivol0802@rambler.ru - Visits: 124
2024-04-04T00:32:23.035Z - GET /user-orders - Visits: 125
2024-04-04T00:32:24.997Z - GET /userData/buivol0802@rambler.ru - Visits: 126
2024-04-04T00:32:25.008Z - GET /userData/buivol0802@rambler.ru - Visits: 126
2024-04-04T00:32:25.033Z - GET /user-orders - Visits: 127
2024-04-04T00:32:29.566Z - GET /products - Visits: 128
2024-04-04T00:32:33.599Z - GET /userData/buivol0802@rambler.ru - Visits: 129
2024-04-04T00:32:33.613Z - GET /user-orders - Visits: 129
2024-04-04T00:32:33.616Z - GET /userData/buivol0802@rambler.ru - Visits: 129
2024-04-04T00:32:34.434Z - GET /userData/buivol0802@rambler.ru - Visits: 130
2024-04-04T00:32:34.451Z - GET /userData/buivol0802@rambler.ru - Visits: 130
2024-04-04T00:32:34.455Z - GET /user-orders - Visits: 131
2024-04-04T00:32:35.066Z - GET /userData/buivol0802@rambler.ru - Visits: 132
2024-04-04T00:32:35.079Z - GET /user-orders - Visits: 132
2024-04-04T00:32:35.084Z - GET /userData/buivol0802@rambler.ru - Visits: 132
2024-04-04T00:32:39.579Z - GET /products - Visits: 133
2024-04-04T00:32:40.734Z - GET /userData/buivol0802@rambler.ru - Visits: 134
2024-04-04T00:32:40.747Z - GET /user-orders - Visits: 134
2024-04-04T00:32:40.750Z - GET /userData/buivol0802@rambler.ru - Visits: 134
2024-04-04T00:32:43.141Z - GET /userData/buivol0802@rambler.ru - Visits: 135
2024-04-04T00:32:43.160Z - GET /userData/buivol0802@rambler.ru - Visits: 135
2024-04-04T00:32:43.167Z - GET /user-orders - Visits: 136
2024-04-04T00:32:45.198Z - GET /userData/buivol0802@rambler.ru - Visits: 137
2024-04-04T00:32:45.212Z - GET /userData/buivol0802@rambler.ru - Visits: 137
2024-04-04T00:32:45.236Z - GET /user-orders - Visits: 138
2024-04-04T00:33:18.682Z - POST /login - Visits: 139
2024-04-04T00:33:18.897Z - GET /userData/buivol0802@rambler.ru - Visits: 140
2024-04-04T00:33:18.914Z - GET /userData/buivol0802@rambler.ru - Visits: 140
2024-04-04T00:33:18.932Z - GET /user-orders - Visits: 141
2024-04-04T00:33:21.424Z - GET /basket - Visits: 142
2024-04-04T00:33:22.727Z - DELETE /remove-from-cart/6/undefined - Visits: 143
2024-04-04T00:37:09.380Z - GET /products - Visits: 144
2024-04-04T00:37:11.293Z - GET /product/11 - Visits: 145
2024-04-04T00:37:13.198Z - POST /add-to-cart/11 - Visits: 146
2024-04-04T00:37:14.408Z - GET /basket - Visits: 147
2024-04-04T00:38:40.042Z - GET /basket - Visits: 148
2024-04-04T00:39:25.948Z - DELETE /remove-from-cart/7/undefined - Visits: 149
2024-04-04T00:42:08.892Z - GET /basket - Visits: 150
2024-04-04T00:42:10.723Z - DELETE /remove-from-cart/7/undefined - Visits: 151
2024-04-04T00:42:46.331Z - POST /login - Visits: 152
2024-04-04T00:42:46.538Z - GET /userData/buivol0802@rambler.ru - Visits: 153
2024-04-04T00:42:46.557Z - GET /userData/buivol0802@rambler.ru - Visits: 153
2024-04-04T00:42:46.568Z - GET /user-orders - Visits: 154
2024-04-04T00:42:53.959Z - GET /basket - Visits: 155
2024-04-04T00:42:55.494Z - DELETE /remove-from-cart/6/undefined - Visits: 156
2024-04-04T00:48:03.315Z - POST /login - Visits: 157
2024-04-04T00:48:03.613Z - GET /userData/buivol0802@rambler.ru - Visits: 158
2024-04-04T00:48:03.632Z - GET /userData/buivol0802@rambler.ru - Visits: 158
2024-04-04T00:48:03.661Z - GET /user-orders - Visits: 159
2024-04-04T00:48:06.592Z - GET /basket - Visits: 160
2024-04-04T00:48:08.545Z - DELETE /remove-from-cart/6/undefined - Visits: 161
2024-04-04T00:54:15.421Z - GET /basket - Visits: 162
2024-04-04T00:54:16.826Z - DELETE /remove-from-cart/6/undefined - Visits: 163
2024-04-04T00:54:48.605Z - POST /login - Visits: 164
2024-04-04T00:54:49.017Z - GET /userData/buivol0802@rambler.ru - Visits: 165
2024-04-04T00:54:49.044Z - GET /user-orders - Visits: 165
2024-04-04T00:54:49.045Z - GET /userData/buivol0802@rambler.ru - Visits: 165
2024-04-04T00:54:52.146Z - GET /basket - Visits: 166
2024-04-04T00:54:53.515Z - DELETE /remove-from-cart/6/undefined - Visits: 167
2024-04-04T01:00:08.253Z - POST /login - Visits: 168
2024-04-04T01:00:08.613Z - GET /userData/buivol0802@rambler.ru - Visits: 169
2024-04-04T01:00:08.636Z - GET /userData/buivol0802@rambler.ru - Visits: 169
2024-04-04T01:00:08.664Z - GET /user-orders - Visits: 170
2024-04-04T01:00:11.046Z - GET /basket - Visits: 171
2024-04-04T01:00:12.651Z - DELETE /remove-from-cart/undefined/6 - Visits: 172
2024-04-04T01:02:37.355Z - POST /login - Visits: 173
2024-04-04T01:02:37.718Z - GET /userData/buivol0802@rambler.ru - Visits: 174
2024-04-04T01:02:37.746Z - GET /userData/buivol0802@rambler.ru - Visits: 174
2024-04-04T01:02:37.756Z - GET /user-orders - Visits: 175
2024-04-04T01:02:40.765Z - GET /basket - Visits: 176
2024-04-04T01:02:43.335Z - DELETE /remove-from-cart/7/undefined - Visits: 177
2024-04-04T01:20:45.546Z - GET /userData/buivol0802@rambler.ru - Visits: 1
2024-04-04T01:20:45.587Z - GET /userData/buivol0802@rambler.ru - Visits: 1
2024-04-04T01:20:45.670Z - GET /user-orders - Visits: 2
2024-04-04T01:20:47.198Z - GET /userData/buivol0802@rambler.ru - Visits: 3
2024-04-04T01:20:47.208Z - GET /user-orders - Visits: 3
2024-04-04T01:20:47.224Z - GET /userData/buivol0802@rambler.ru - Visits: 3
2024-04-04T01:20:58.497Z - POST /login - Visits: 4
2024-04-04T01:20:58.851Z - GET /userData/buivol0802@rambler.ru - Visits: 5
2024-04-04T01:20:58.888Z - GET /userData/buivol0802@rambler.ru - Visits: 5
2024-04-04T01:20:58.917Z - GET /user-orders - Visits: 6
2024-04-04T01:21:01.081Z - GET /basket - Visits: 7
2024-04-04T01:21:02.743Z - DELETE /remove-from-cart/6/undefined - Visits: 8
2024-04-04T01:29:11.425Z - GET /userData/buivol0802@rambler.ru - Visits: 9
2024-04-04T01:29:11.461Z - GET /userData/buivol0802@rambler.ru - Visits: 9
2024-04-04T01:29:11.571Z - GET /user-orders - Visits: 10
2024-04-04T01:29:12.789Z - GET /userData/buivol0802@rambler.ru - Visits: 11
2024-04-04T01:29:12.816Z - GET /userData/buivol0802@rambler.ru - Visits: 11
2024-04-04T01:29:12.838Z - GET /user-orders - Visits: 12
2024-04-04T01:29:21.650Z - POST /login - Visits: 13
2024-04-04T01:29:21.912Z - GET /userData/buivol0802@rambler.ru - Visits: 14
2024-04-04T01:29:21.923Z - GET /userData/buivol0802@rambler.ru - Visits: 14
2024-04-04T01:29:21.932Z - GET /user-orders - Visits: 15
2024-04-04T01:29:24.893Z - GET /basket - Visits: 16
2024-04-04T01:29:26.193Z - DELETE /remove-from-cart/7/undefined - Visits: 17
2024-04-04T01:29:37.841Z - GET /userData/buivol0802@rambler.ru - Visits: 18
2024-04-04T01:29:37.867Z - GET /userData/buivol0802@rambler.ru - Visits: 18
2024-04-04T01:29:37.885Z - GET /user-orders - Visits: 19
2024-04-04T01:29:41.427Z - GET /basket - Visits: 20
2024-04-04T01:29:43.147Z - DELETE /remove-from-cart/7/undefined - Visits: 21
2024-04-04T01:36:55.580Z - GET /basket - Visits: 22
2024-04-04T01:36:56.363Z - GET /userData/buivol0802@rambler.ru - Visits: 23
2024-04-04T01:36:56.403Z - GET /userData/buivol0802@rambler.ru - Visits: 23
2024-04-04T01:36:56.415Z - GET /user-orders - Visits: 24
2024-04-04T01:36:57.892Z - GET /userData/buivol0802@rambler.ru - Visits: 25
2024-04-04T01:36:57.915Z - GET /userData/buivol0802@rambler.ru - Visits: 25
2024-04-04T01:36:57.925Z - GET /user-orders - Visits: 26
2024-04-04T01:37:06.727Z - POST /login - Visits: 26
2024-04-04T01:37:07.086Z - GET /userData/buivol0802@rambler.ru - Visits: 27
2024-04-04T01:37:07.105Z - GET /userData/buivol0802@rambler.ru - Visits: 27
2024-04-04T01:37:07.113Z - GET /user-orders - Visits: 28
2024-04-04T01:37:09.336Z - GET /basket - Visits: 29
2024-04-04T01:37:10.926Z - DELETE /remove-from-cart/7/undefined - Visits: 30
2024-04-04T01:38:59.843Z - GET /userData/buivol0802@rambler.ru - Visits: 31
2024-04-04T01:38:59.879Z - GET /userData/buivol0802@rambler.ru - Visits: 31
2024-04-04T01:38:59.888Z - GET /user-orders - Visits: 32
2024-04-04T01:39:10.505Z - POST /login - Visits: 33
2024-04-04T01:39:10.857Z - GET /userData/buivol0802@rambler.ru - Visits: 34
2024-04-04T01:39:10.886Z - GET /userData/buivol0802@rambler.ru - Visits: 34
2024-04-04T01:39:10.897Z - GET /user-orders - Visits: 35
2024-04-04T01:39:12.812Z - GET /basket - Visits: 36
2024-04-04T01:39:14.457Z - DELETE /remove-from-cart/7/undefined - Visits: 37
2024-04-04T01:39:40.472Z - DELETE /remove-from-cart/7/undefined - Visits: 38
2024-04-04T01:40:02.037Z - POST /login - Visits: 39
2024-04-04T01:40:02.400Z - GET /userData/buivol0802@rambler.ru - Visits: 40
2024-04-04T01:40:02.434Z - GET /userData/buivol0802@rambler.ru - Visits: 40
2024-04-04T01:40:02.435Z - GET /user-orders - Visits: 41
2024-04-04T01:40:04.636Z - GET /basket - Visits: 41
2024-04-04T01:40:05.842Z - DELETE /remove-from-cart/7/undefined - Visits: 42
2024-04-04T01:45:06.068Z - GET /userData/buivol0802@rambler.ru - Visits: 43
2024-04-04T01:45:06.114Z - GET /userData/buivol0802@rambler.ru - Visits: 43
2024-04-04T01:45:06.134Z - GET /user-orders - Visits: 44
2024-04-04T01:45:14.821Z - POST /login - Visits: 45
2024-04-04T01:45:15.190Z - GET /userData/buivol0802@rambler.ru - Visits: 46
2024-04-04T01:45:15.214Z - GET /userData/buivol0802@rambler.ru - Visits: 46
2024-04-04T01:45:15.223Z - GET /user-orders - Visits: 47
2024-04-04T01:45:16.153Z - GET /products - Visits: 48
2024-04-04T01:45:18.873Z - GET /product/1 - Visits: 49
2024-04-04T01:45:21.730Z - POST /add-to-cart/1 - Visits: 50
2024-04-04T01:45:23.425Z - GET /basket - Visits: 51
2024-04-04T01:45:44.373Z - GET /products - Visits: 52
2024-04-04T01:45:47.090Z - GET /product/3 - Visits: 53
2024-04-04T01:45:49.388Z - POST /add-to-cart/3 - Visits: 54
2024-04-04T01:45:50.603Z - GET /basket - Visits: 55
2024-04-04T01:45:58.138Z - DELETE /remove-from-cart/8/undefined - Visits: 56
2024-04-04T01:45:58.165Z - GET /basket - Visits: 57
2024-04-04T01:45:58.172Z - PUT /update-order-status/8 - Visits: 57
2024-04-04T01:46:00.529Z - DELETE /remove-from-cart/9/undefined - Visits: 58
2024-04-04T01:46:00.553Z - GET /basket - Visits: 59
2024-04-04T01:46:00.558Z - PUT /update-order-status/9 - Visits: 59
2024-04-04T01:46:01.402Z - DELETE /remove-from-cart/7/undefined - Visits: 60
2024-04-04T01:46:01.423Z - GET /basket - Visits: 61
2024-04-04T01:46:01.428Z - PUT /update-order-status/7 - Visits: 61
2024-04-04T01:47:23.589Z - GET /products - Visits: 62
2024-04-04T01:47:38.169Z - GET /products - Visits: 63
2024-04-04T01:47:51.192Z - GET /products - Visits: 64
2024-04-04T01:49:45.825Z - GET /products - Visits: 65
2024-04-04T01:50:37.685Z - GET /products - Visits: 66
2024-04-04T01:50:57.483Z - GET /products - Visits: 67
2024-04-04T01:51:09.211Z - GET /products - Visits: 68
2024-04-04T01:51:16.939Z - GET /product/15 - Visits: 69
2024-04-04T01:53:07.794Z - GET /products - Visits: 70
2024-04-04T01:53:37.623Z - GET /products - Visits: 71
2024-04-04T01:53:55.485Z - GET /products - Visits: 72
2024-04-04T01:54:08.090Z - GET /products - Visits: 73
2024-04-04T01:54:18.957Z - GET /products - Visits: 74
2024-04-04T01:54:20.018Z - GET /products - Visits: 75
2024-04-04T01:54:37.703Z - GET /products - Visits: 76
2024-04-04T01:54:47.880Z - GET /products - Visits: 77
2024-04-04T01:54:56.577Z - GET /products - Visits: 78
2024-04-04T01:55:22.379Z - GET /products - Visits: 79
2024-04-04T01:55:23.585Z - GET /products - Visits: 80
2024-04-04T01:55:34.891Z - GET /products - Visits: 81
2024-04-04T01:55:43.003Z - GET /products - Visits: 82
2024-04-04T01:55:52.758Z - GET /products - Visits: 83
2024-04-04T01:56:29.918Z - GET /products - Visits: 84
2024-04-04T01:56:51.049Z - GET /products - Visits: 85
2024-04-04T01:57:05.063Z - GET /products - Visits: 86
2024-04-04T01:57:28.465Z - GET /products - Visits: 87
2024-04-04T01:57:37.536Z - GET /products - Visits: 88
2024-04-04T01:57:42.971Z - GET /product/1 - Visits: 89
2024-04-04T01:57:55.673Z - GET /products - Visits: 90
2024-04-04T01:58:05.718Z - GET /products - Visits: 91
2024-04-04T01:58:14.591Z - GET /products - Visits: 92
2024-04-04T01:59:31.097Z - GET /products - Visits: 93
2024-04-04T01:59:59.638Z - GET /products - Visits: 94
2024-04-04T02:00:56.436Z - GET /products - Visits: 95
2024-04-04T02:01:44.887Z - GET /products - Visits: 96
2024-04-04T02:02:09.994Z - GET /products - Visits: 97
2024-04-04T02:02:23.039Z - GET /products - Visits: 98
2024-04-04T02:02:30.717Z - GET /products - Visits: 99
2024-04-04T02:02:49.719Z - GET /products - Visits: 100
2024-04-04T02:03:07.133Z - GET /products - Visits: 101
2024-04-04T02:03:17.969Z - GET /products - Visits: 102
2024-04-04T02:03:27.877Z - GET /products - Visits: 103
2024-04-04T02:04:19.197Z - GET /products - Visits: 104
2024-04-04T02:04:20.560Z - GET /product/null - Visits: 105
2024-04-04T02:04:23.096Z - GET /products - Visits: 106
2024-04-04T02:04:38.489Z - GET /products - Visits: 107
2024-04-04T02:05:01.337Z - GET /products - Visits: 108
2024-04-04T02:05:13.513Z - GET /products - Visits: 109
2024-04-04T02:05:30.183Z - GET /products - Visits: 110
2024-04-04T02:06:14.453Z - GET /products - Visits: 111
2024-04-04T02:06:54.050Z - GET /products - Visits: 112
2024-04-04T02:08:50.574Z - GET /products - Visits: 113
2024-04-04T02:10:29.346Z - GET /products - Visits: 114
2024-04-04T02:11:04.662Z - GET /products - Visits: 115
2024-04-04T02:11:49.792Z - GET /products - Visits: 116
2024-04-04T02:11:57.976Z - GET /product/10 - Visits: 117
2024-04-04T02:14:58.872Z - GET /products - Visits: 118
2024-04-04T02:14:59.902Z - GET /product/10 - Visits: 119
2024-04-04T02:15:35.346Z - GET /product/10 - Visits: 120
2024-04-04T02:15:57.003Z - GET /product/10 - Visits: 121
2024-04-04T02:16:09.773Z - GET /product/10 - Visits: 122
2024-04-04T02:17:05.831Z - GET /product/10 - Visits: 123
2024-04-04T02:17:58.513Z - GET /product/10 - Visits: 124
2024-04-04T02:18:26.482Z - GET /product/10 - Visits: 125
2024-04-04T02:18:28.654Z - GET /product/10 - Visits: 126
2024-04-04T02:27:06.521Z - GET /product/10 - Visits: 127
2024-04-04T02:27:41.330Z - GET /product/10 - Visits: 128
2024-04-04T02:27:48.649Z - GET /product/10 - Visits: 129
2024-04-04T02:27:55.891Z - GET /product/10 - Visits: 130
2024-04-04T02:28:51.109Z - GET /product/10 - Visits: 131
2024-04-04T02:29:11.324Z - GET /product/10 - Visits: 132
2024-04-04T02:29:19.421Z - GET /product/10 - Visits: 133
2024-04-04T02:29:35.719Z - GET /product/10 - Visits: 134
2024-04-04T02:29:48.939Z - GET /product/10 - Visits: 135
2024-04-04T02:30:32.148Z - GET /product/10 - Visits: 136
2024-04-04T02:30:47.024Z - GET /product/10 - Visits: 137
2024-04-04T02:30:57.235Z - GET /product/10 - Visits: 138
2024-04-04T02:31:58.665Z - GET /product/10 - Visits: 139
2024-04-04T02:32:26.545Z - GET /product/10 - Visits: 140
2024-04-04T02:32:41.853Z - GET /product/10 - Visits: 141
2024-04-04T02:32:53.962Z - GET /product/10 - Visits: 142
2024-04-04T02:33:20.597Z - GET /product/10 - Visits: 143
2024-04-04T02:33:57.898Z - GET /product/10 - Visits: 144
2024-04-04T02:34:23.029Z - GET /product/10 - Visits: 145
2024-04-04T02:34:45.991Z - GET /product/10 - Visits: 146
2024-04-04T02:35:07.942Z - GET /product/10 - Visits: 147
2024-04-04T02:35:38.063Z - GET /product/10 - Visits: 148
2024-04-04T02:35:53.042Z - GET /product/10 - Visits: 149
2024-04-04T02:36:02.200Z - GET /product/10 - Visits: 150
2024-04-04T02:36:23.380Z - GET /product/10 - Visits: 151
2024-04-04T02:36:37.767Z - GET /product/10 - Visits: 152
2024-04-04T02:37:00.749Z - GET /product/10 - Visits: 153
2024-04-04T02:37:13.528Z - GET /product/10 - Visits: 154
2024-04-04T02:37:32.687Z - GET /product/10 - Visits: 155
2024-04-04T02:37:48.726Z - GET /product/10 - Visits: 156
2024-04-04T02:38:08.457Z - GET /product/10 - Visits: 157
2024-04-04T02:38:26.259Z - GET /product/10 - Visits: 158
2024-04-04T02:38:35.558Z - GET /product/10 - Visits: 159
2024-04-04T02:38:44.781Z - GET /product/11 - Visits: 160
2024-04-04T02:38:48.849Z - GET /product/1 - Visits: 161
2024-04-04T02:38:53.681Z - GET /product/2 - Visits: 162
2024-04-04T02:39:02.036Z - GET /userData/buivol0802@rambler.ru - Visits: 163
2024-04-04T02:39:02.067Z - GET /userData/buivol0802@rambler.ru - Visits: 163
2024-04-04T02:39:02.083Z - GET /user-orders - Visits: 164
2024-04-04T02:39:05.203Z - GET /basket - Visits: 165
2024-04-04T02:39:06.452Z - GET /userData/buivol0802@rambler.ru - Visits: 166
2024-04-04T02:39:06.473Z - GET /userData/buivol0802@rambler.ru - Visits: 166
2024-04-04T02:39:06.478Z - GET /user-orders - Visits: 167
2024-04-04T02:39:21.522Z - GET /userData/buivol0802@rambler.ru - Visits: 167
2024-04-04T02:39:21.552Z - GET /userData/buivol0802@rambler.ru - Visits: 167
2024-04-04T02:39:21.552Z - GET /user-orders - Visits: 167
2024-04-04T02:39:23.382Z - GET /userData/buivol0802@rambler.ru - Visits: 168
2024-04-04T02:39:23.399Z - GET /userData/buivol0802@rambler.ru - Visits: 168
2024-04-04T02:39:23.406Z - GET /user-orders - Visits: 169
2024-04-04T02:39:27.195Z - GET /products - Visits: 170
2024-04-04T02:39:28.275Z - GET /userData/buivol0802@rambler.ru - Visits: 171
2024-04-04T02:39:28.290Z - GET /userData/buivol0802@rambler.ru - Visits: 171
2024-04-04T02:39:28.294Z - GET /user-orders - Visits: 172
2024-04-04T02:39:29.936Z - GET /userData/buivol0802@rambler.ru - Visits: 173
2024-04-04T02:39:29.951Z - GET /userData/buivol0802@rambler.ru - Visits: 173
2024-04-04T02:39:29.955Z - GET /user-orders - Visits: 174
2024-04-04T02:39:36.396Z - POST /login - Visits: 175
2024-04-04T02:39:36.734Z - GET /userData/buivol0802@rambler.ru - Visits: 176
2024-04-04T02:39:36.751Z - GET /userData/buivol0802@rambler.ru - Visits: 176
2024-04-04T02:39:36.788Z - GET /user-orders - Visits: 177
2024-04-04T02:39:39.183Z - GET /products - Visits: 178
2024-04-04T02:39:40.346Z - GET /product/11 - Visits: 179
2024-04-04T02:39:42.791Z - GET /userData/buivol0802@rambler.ru - Visits: 180
2024-04-04T02:39:42.809Z - GET /userData/buivol0802@rambler.ru - Visits: 180
2024-04-04T02:39:42.809Z - GET /user-orders - Visits: 181
2024-04-04T02:39:45.156Z - GET /basket - Visits: 181
2024-04-04T02:39:47.173Z - GET /products - Visits: 182
2024-04-04T02:39:48.406Z - GET /product/11 - Visits: 183
2024-04-04T02:42:09.787Z - POST /login - Visits: 184
2024-04-04T02:42:10.130Z - GET /userData/buivol0802@rambler.ru - Visits: 185
2024-04-04T02:42:44.709Z - POST /login - Visits: 185
2024-04-04T02:42:45.075Z - GET /userData/buivol0802@rambler.ru - Visits: 186
2024-04-04T02:42:45.105Z - GET /userData/buivol0802@rambler.ru - Visits: 186
2024-04-04T02:42:45.123Z - GET /user-orders - Visits: 187
2024-04-04T02:42:48.173Z - GET /products - Visits: 188
2024-04-04T02:42:49.393Z - GET /product/10 - Visits: 189
2024-04-04T02:42:51.751Z - GET /basket - Visits: 190
2024-04-04T02:43:35.854Z - GET /products - Visits: 191
2024-04-04T02:43:36.860Z - GET /product/11 - Visits: 192
2024-04-04T02:43:55.799Z - GET /product/11 - Visits: 193
2024-04-04T02:44:04.094Z - GET /product/11 - Visits: 194
2024-04-04T02:44:16.291Z - GET /product/11 - Visits: 195
2024-04-04T02:44:29.479Z - POST /add-to-cart/11 - Visits: 196
2024-04-04T02:44:30.892Z - GET /basket - Visits: 197
2024-04-04T02:48:39.006Z - GET /basket - Visits: 198
2024-04-04T02:48:57.841Z - GET /basket - Visits: 199
2024-04-04T02:49:59.397Z - GET /basket - Visits: 200
2024-04-04T02:50:07.216Z - GET /basket - Visits: 201
2024-04-04T02:50:25.539Z - GET /basket - Visits: 202
2024-04-04T02:50:26.641Z - GET /basket - Visits: 203
2024-04-04T02:50:33.697Z - GET /basket - Visits: 204
2024-04-04T02:50:44.695Z - GET /basket - Visits: 205
2024-04-04T02:51:15.076Z - GET /basket - Visits: 206
2024-04-04T02:52:08.264Z - GET /basket - Visits: 207
2024-04-04T02:52:11.165Z - GET /products - Visits: 208
2024-04-04T02:52:13.897Z - GET /product/3 - Visits: 209
2024-04-04T02:52:14.996Z - POST /add-to-cart/3 - Visits: 210
2024-04-04T02:52:16.170Z - GET /basket - Visits: 211
2024-04-04T02:52:24.751Z - GET /basket - Visits: 212
2024-04-04T02:53:24.934Z - GET /basket - Visits: 213
2024-04-04T02:55:11.228Z - GET /basket - Visits: 214
2024-04-04T02:55:24.763Z - GET /basket - Visits: 215
2024-04-04T02:55:36.378Z - GET /basket - Visits: 216
2024-04-04T02:55:46.558Z - GET /basket - Visits: 217
2024-04-04T02:56:15.349Z - GET /basket - Visits: 218
2024-04-04T02:57:08.718Z - GET /basket - Visits: 219
2024-04-04T02:57:45.584Z - GET /basket - Visits: 220
2024-04-04T02:57:57.138Z - GET /basket - Visits: 221
2024-04-04T02:58:52.235Z - GET /basket - Visits: 222
2024-04-04T02:59:00.010Z - GET /basket - Visits: 223
2024-04-04T02:59:19.660Z - GET /basket - Visits: 224
2024-04-04T02:59:32.327Z - GET /basket - Visits: 225
2024-04-04T03:00:21.717Z - GET /basket - Visits: 226
2024-04-04T03:00:44.547Z - GET /basket - Visits: 227
2024-04-04T03:01:22.273Z - GET /basket - Visits: 228
2024-04-04T03:01:43.529Z - GET /basket - Visits: 229
2024-04-04T03:01:56.672Z - GET /basket - Visits: 230
2024-04-04T03:02:08.567Z - GET /basket - Visits: 231
2024-04-04T03:03:06.276Z - GET /userData/buivol0802@rambler.ru - Visits: 232
2024-04-04T03:03:06.296Z - GET /userData/buivol0802@rambler.ru - Visits: 232
2024-04-04T03:03:06.308Z - GET /user-orders - Visits: 233
2024-04-04T03:09:55.181Z - GET /userData/buivol0802@rambler.ru - Visits: 234
2024-04-04T03:09:55.192Z - GET /user-orders - Visits: 234
2024-04-04T03:09:55.198Z - GET /userData/buivol0802@rambler.ru - Visits: 234
2024-04-04T03:10:57.866Z - GET /userData/buivol0802@rambler.ru - Visits: 235
2024-04-04T03:10:57.878Z - GET /userData/buivol0802@rambler.ru - Visits: 235
2024-04-04T03:10:57.884Z - GET /user-orders - Visits: 236
2024-04-04T03:11:18.474Z - GET /userData/buivol0802@rambler.ru - Visits: 237
2024-04-04T03:11:18.486Z - GET /user-orders - Visits: 237
2024-04-04T03:11:18.491Z - GET /userData/buivol0802@rambler.ru - Visits: 237
2024-04-04T03:12:38.663Z - GET /userData/buivol0802@rambler.ru - Visits: 238
2024-04-04T03:12:38.681Z - GET /user-orders - Visits: 238
2024-04-04T03:12:38.681Z - GET /userData/buivol0802@rambler.ru - Visits: 238
2024-04-04T03:12:51.458Z - GET /userData/buivol0802@rambler.ru - Visits: 239
2024-04-04T03:12:51.477Z - GET /userData/buivol0802@rambler.ru - Visits: 239
2024-04-04T03:12:51.483Z - GET /user-orders - Visits: 240
2024-04-04T03:13:26.584Z - GET /userData/buivol0802@rambler.ru - Visits: 241
2024-04-04T03:13:26.601Z - GET /userData/buivol0802@rambler.ru - Visits: 241
2024-04-04T03:13:26.602Z - GET /user-orders - Visits: 242
2024-04-04T03:13:44.550Z - GET /userData/buivol0802@rambler.ru - Visits: 243
2024-04-04T03:13:44.569Z - GET /userData/buivol0802@rambler.ru - Visits: 243
2024-04-04T03:13:44.574Z - GET /user-orders - Visits: 244
2024-04-04T03:14:24.982Z - GET /userData/buivol0802@rambler.ru - Visits: 245
2024-04-04T03:14:24.990Z - GET /user-orders - Visits: 245
2024-04-04T03:14:24.995Z - GET /userData/buivol0802@rambler.ru - Visits: 245
2024-04-04T03:15:29.931Z - GET /userData/buivol0802@rambler.ru - Visits: 246
2024-04-04T03:15:29.939Z - GET /user-orders - Visits: 246
2024-04-04T03:15:29.945Z - GET /userData/buivol0802@rambler.ru - Visits: 246
2024-04-04T03:15:38.954Z - GET /userData/buivol0802@rambler.ru - Visits: 247
2024-04-04T03:15:38.965Z - GET /userData/buivol0802@rambler.ru - Visits: 247
2024-04-04T03:15:38.969Z - GET /user-orders - Visits: 248
2024-04-04T03:15:55.556Z - GET /basket - Visits: 249
2024-04-04T03:16:15.720Z - GET /userData/buivol0802@rambler.ru - Visits: 250
2024-04-04T03:16:15.735Z - GET /userData/buivol0802@rambler.ru - Visits: 250
2024-04-04T03:16:15.744Z - GET /user-orders - Visits: 251
2024-04-04T03:16:20.070Z - GET /products - Visits: 252
2024-04-04T03:16:28.908Z - GET /basket - Visits: 253
2024-04-04T03:16:31.201Z - GET /basket - Visits: 254
2024-04-04T03:19:46.328Z - GET /basket - Visits: 255
2024-04-04T03:20:07.562Z - GET /basket - Visits: 256
2024-04-04T03:23:06.016Z - GET /basket - Visits: 257
2024-04-04T03:24:14.292Z - GET /basket - Visits: 258
2024-04-04T03:24:39.066Z - GET /basket - Visits: 259
2024-04-04T03:25:33.174Z - GET /basket - Visits: 260
2024-04-04T03:26:05.940Z - GET /basket - Visits: 261
2024-04-04T03:26:19.482Z - GET /basket - Visits: 262
2024-04-04T03:27:29.243Z - GET /basket - Visits: 263
2024-04-04T03:27:53.463Z - GET /basket - Visits: 264
2024-04-04T03:28:42.484Z - GET /basket - Visits: 265
2024-04-04T03:29:00.472Z - GET /basket - Visits: 266
2024-04-04T03:30:07.201Z - GET /basket - Visits: 267
2024-04-04T03:30:20.831Z - GET /basket - Visits: 268
2024-04-04T03:30:29.111Z - GET /basket - Visits: 269
2024-04-04T03:31:06.802Z - GET /basket - Visits: 270
2024-04-04T03:31:31.638Z - GET /basket - Visits: 271
2024-04-04T03:32:13.375Z - GET /basket - Visits: 272
2024-04-04T03:32:21.860Z - PUT /place-order - Visits: 273
2024-04-04T03:32:25.196Z - GET /userData/buivol0802@rambler.ru - Visits: 274
2024-04-04T03:32:25.211Z - GET /userData/buivol0802@rambler.ru - Visits: 274
2024-04-04T03:32:25.221Z - GET /user-orders - Visits: 275
2024-04-04T03:32:30.850Z - GET /userData/buivol0802@rambler.ru - Visits: 276
2024-04-04T03:32:30.858Z - GET /user-orders - Visits: 276
2024-04-04T03:32:30.864Z - GET /userData/buivol0802@rambler.ru - Visits: 276
2024-04-04T03:32:33.135Z - GET /basket - Visits: 277
2024-04-04T03:32:36.189Z - GET /userData/buivol0802@rambler.ru - Visits: 278
2024-04-04T03:32:36.201Z - GET /userData/buivol0802@rambler.ru - Visits: 278
2024-04-04T03:32:36.202Z - GET /user-orders - Visits: 279
2024-04-04T03:32:43.735Z - GET /products - Visits: 280
2024-04-04T03:32:45.620Z - GET /basket - Visits: 281
2024-04-04T03:32:49.463Z - GET /basket - Visits: 282
2024-04-04T03:32:51.734Z - PUT /place-order - Visits: 283
2024-04-04T03:32:54.289Z - GET /userData/buivol0802@rambler.ru - Visits: 284
2024-04-04T03:32:54.306Z - GET /userData/buivol0802@rambler.ru - Visits: 284
2024-04-04T03:32:54.320Z - GET /user-orders - Visits: 285
2024-04-04T03:33:16.477Z - GET /basket - Visits: 286
2024-04-04T03:33:17.986Z - DELETE /remove-from-cart/10/undefined - Visits: 287
2024-04-04T03:33:18.011Z - GET /basket - Visits: 288
2024-04-04T03:33:18.015Z - PUT /update-order-status/10 - Visits: 288
2024-04-04T03:33:20.953Z - DELETE /remove-from-cart/11/undefined - Visits: 289
2024-04-04T03:33:20.974Z - GET /basket - Visits: 290
2024-04-04T03:33:20.978Z - PUT /update-order-status/11 - Visits: 290
2024-04-04T03:33:26.654Z - GET /products - Visits: 291
2024-04-04T03:33:28.626Z - GET /userData/buivol0802@rambler.ru - Visits: 292
2024-04-04T03:33:28.647Z - GET /userData/buivol0802@rambler.ru - Visits: 292
2024-04-04T03:33:28.669Z - GET /user-orders - Visits: 293
2024-04-04T03:33:30.958Z - GET /products - Visits: 294
2024-04-04T03:33:32.436Z - GET /product/10 - Visits: 295
2024-04-04T03:33:34.024Z - POST /add-to-cart/10 - Visits: 296
2024-04-04T03:33:35.310Z - GET /basket - Visits: 297
2024-04-04T03:33:45.471Z - DELETE /remove-from-cart/12/undefined - Visits: 298
2024-04-04T03:33:45.492Z - GET /basket - Visits: 299
2024-04-04T03:33:45.496Z - PUT /update-order-status/12 - Visits: 299
2024-04-04T03:34:29.422Z - GET /basket - Visits: 300
2024-04-04T03:34:32.382Z - GET /products - Visits: 301
2024-04-04T03:34:33.459Z - GET /product/10 - Visits: 302
2024-04-04T03:34:34.700Z - POST /add-to-cart/10 - Visits: 303
2024-04-04T03:34:35.889Z - GET /basket - Visits: 304
2024-04-04T03:34:37.577Z - GET /products - Visits: 305
2024-04-04T03:34:38.614Z - GET /product/11 - Visits: 306
2024-04-04T03:34:39.490Z - POST /add-to-cart/11 - Visits: 307
2024-04-04T03:34:40.921Z - GET /basket - Visits: 308
2024-04-04T03:34:42.915Z - DELETE /remove-from-cart/14/undefined - Visits: 309
2024-04-04T03:34:42.934Z - GET /basket - Visits: 310
2024-04-04T03:34:42.939Z - PUT /update-order-status/14 - Visits: 310
2024-04-04T03:35:03.919Z - GET /basket - Visits: 311
2024-04-04T03:35:05.409Z - DELETE /remove-from-cart/13/undefined - Visits: 312
2024-04-04T03:35:05.430Z - GET /basket - Visits: 313
2024-04-04T03:35:05.434Z - PUT /update-order-status/13 - Visits: 313
2024-04-04T03:35:08.525Z - GET /userData/buivol0802@rambler.ru - Visits: 314
2024-04-04T03:35:08.538Z - GET /userData/buivol0802@rambler.ru - Visits: 314
2024-04-04T03:35:08.558Z - GET /user-orders - Visits: 315
2024-04-04T03:35:11.647Z - GET /products - Visits: 316
2024-04-04T03:40:42.756Z - GET /style.css - Visits: 328
2024-04-04T03:40:42.765Z - GET /stat.css - Visits: 328
2024-04-04T03:40:42.815Z - GET /sales-statistics - Visits: 329
2024-04-04T03:41:19.311Z - GET /sales-statistics - Visits: 330
2024-04-04T03:41:33.508Z - GET /sales-statistics - Visits: 331
2024-04-04T03:42:34.661Z - GET /sales-statistics - Visits: 332
2024-04-04T03:44:40.230Z - GET /sales-statistics - Visits: 333
2024-04-04T03:45:57.643Z - GET /sales-statistics - Visits: 334
2024-04-04T03:46:24.364Z - POST /login - Visits: 335
2024-04-04T03:46:24.595Z - GET /userData/buivol0802@rambler.ru - Visits: 336
2024-04-04T03:46:24.626Z - GET /userData/buivol0802@rambler.ru - Visits: 336
2024-04-04T03:46:24.628Z - GET /user-orders - Visits: 336
2024-04-04T03:46:27.996Z - GET /sales-statistics - Visits: 337
2024-04-04T03:46:30.520Z - GET /products - Visits: 338
2024-04-04T03:46:31.706Z - GET /product/10 - Visits: 339
2024-04-04T03:46:32.608Z - POST /add-to-cart/10 - Visits: 340
2024-04-04T03:46:34.049Z - GET /basket - Visits: 341
2024-04-04T03:46:35.077Z - GET /products - Visits: 342
2024-04-04T03:46:36.636Z - GET /sales-statistics - Visits: 343
2024-04-04T03:46:40.680Z - GET /userData/buivol0802@rambler.ru - Visits: 344
2024-04-04T03:46:40.699Z - GET /userData/buivol0802@rambler.ru - Visits: 344
2024-04-04T03:46:40.716Z - GET /user-orders - Visits: 345
2024-04-04T04:08:36.460Z - GET /sales-statistics - Visits: 1
2024-04-04T07:30:59.432Z - GET /favicon.ico - Visits: 1
2024-04-04T07:31:16.482Z - GET /sales-statistics - Visits: 2
2024-04-04T07:50:35.125Z - GET /products - Visits: 1
2024-04-04T07:51:19.501Z - GET /userData/buivol0802@rambler.ru - Visits: 2
2024-04-04T07:51:19.524Z - GET /userData/buivol0802@rambler.ru - Visits: 2
2024-04-04T07:51:19.566Z - GET /user-orders - Visits: 3
2024-04-04T07:52:21.407Z - POST /login - Visits: 4
2024-04-04T07:52:21.729Z - GET /userData/buivol0802@rambler.ru - Visits: 5
2024-04-04T07:52:21.754Z - GET /userData/buivol0802@rambler.ru - Visits: 5
2024-04-04T07:52:21.783Z - GET /user-orders - Visits: 6
2024-04-04T07:54:09.613Z - GET /products - Visits: 7
2024-04-04T07:54:10.613Z - GET /product/10 - Visits: 8
2024-04-04T07:54:52.824Z - GET /basket - Visits: 9
2024-04-04T07:54:55.807Z - GET /products - Visits: 10
2024-04-04T07:54:58.215Z - GET /product/4 - Visits: 11
2024-04-04T07:54:58.954Z - POST /add-to-cart/4 - Visits: 12
2024-04-04T07:55:00.028Z - GET /basket - Visits: 13
2024-04-04T07:56:01.868Z - GET /basket - Visits: 14
2024-04-10T19:34:37.595Z - GET /favicon.ico - Visits: 1
2024-04-10T19:34:54.147Z - GET /sales-statistics - Visits: 2
2024-04-10T19:35:25.769Z - GET /products - Visits: 3
2024-04-10T19:59:29.137Z - GET /order-history - Visits: 1
2024-04-10T19:59:47.565Z - GET /order-history - Visits: 2
2024-04-10T20:00:26.298Z - GET /userData/buivol0802@rambler.ru - Visits: 3
2024-04-10T20:00:26.355Z - GET /userData/buivol0802@rambler.ru - Visits: 3
2024-04-10T20:00:26.429Z - GET /user-orders - Visits: 4
2024-04-10T20:00:28.237Z - GET /userData/buivol0802@rambler.ru - Visits: 5
2024-04-10T20:00:28.259Z - GET /userData/buivol0802@rambler.ru - Visits: 5
2024-04-10T20:00:28.268Z - GET /user-orders - Visits: 6
2024-04-10T20:00:28.428Z - GET /userData/buivol0802@rambler.ru - Visits: 6
2024-04-10T20:00:28.447Z - GET /userData/buivol0802@rambler.ru - Visits: 6
2024-04-10T20:00:28.461Z - GET /user-orders - Visits: 7
2024-04-10T20:00:38.839Z - POST /login - Visits: 7
2024-04-10T20:00:39.151Z - GET /userData/buivol0802@rambler.ru - Visits: 8
2024-04-10T20:00:39.171Z - GET /userData/buivol0802@rambler.ru - Visits: 8
2024-04-10T20:00:39.188Z - GET /user-orders - Visits: 9
2024-04-10T20:00:46.885Z - GET /order-history - Visits: 10
2024-04-10T20:00:51.359Z - GET /userData/buivol0802@rambler.ru - Visits: 11
2024-04-10T20:00:51.374Z - GET /userData/buivol0802@rambler.ru - Visits: 11
2024-04-10T20:00:51.379Z - GET /user-orders - Visits: 12
2024-04-10T20:00:56.201Z - GET /order-history - Visits: 13
2024-04-10T20:03:20.847Z - POST /login - Visits: 14
2024-04-10T20:03:21.135Z - GET /userData/buivol0802@rambler.ru - Visits: 15
2024-04-10T20:03:21.157Z - GET /userData/buivol0802@rambler.ru - Visits: 15
2024-04-10T20:03:21.172Z - GET /user-orders - Visits: 16
2024-04-10T20:03:25.663Z - GET /order-history - Visits: 17
2024-04-10T20:03:32.646Z - GET /order-history - Visits: 18
2024-04-10T20:03:38.230Z - GET /userData/buivol0802@rambler.ru - Visits: 19
2024-04-10T20:03:38.244Z - GET /userData/buivol0802@rambler.ru - Visits: 19
2024-04-10T20:03:38.260Z - GET /user-orders - Visits: 20
2024-04-10T20:03:44.284Z - GET /order-history - Visits: 21
2024-04-10T20:06:14.797Z - POST /login - Visits: 23
2024-04-10T20:06:15.172Z - GET /userData/buivol0802@rambler.ru - Visits: 24
2024-04-10T20:06:15.201Z - GET /userData/buivol0802@rambler.ru - Visits: 24
2024-04-10T20:06:15.214Z - GET /user-orders - Visits: 25
2024-04-10T20:06:17.505Z - GET /products - Visits: 26
2024-04-10T20:06:19.373Z - GET /product/11 - Visits: 27
2024-04-10T20:06:20.336Z - POST /add-to-cart/11 - Visits: 28
2024-04-10T20:06:21.465Z - GET /basket - Visits: 29
2024-04-10T20:06:28.843Z - GET /basket - Visits: 30
2024-04-10T20:06:31.149Z - PUT /place-order - Visits: 31
2024-04-10T20:06:36.245Z - GET /order-history - Visits: 32
2024-04-10T20:06:40.579Z - GET /userData/buivol0802@rambler.ru - Visits: 33
2024-04-10T20:06:40.599Z - GET /userData/buivol0802@rambler.ru - Visits: 33
2024-04-10T20:06:40.624Z - GET /user-orders - Visits: 34
2024-04-10T20:06:54.483Z - GET /order-history - Visits: 35
2024-04-10T20:07:27.634Z - GET /order-history - Visits: 36
2024-04-10T20:07:28.783Z - GET /order-history - Visits: 37
2024-04-10T20:07:31.828Z - GET /order-history - Visits: 38
2024-04-10T20:07:46.882Z - GET /order-history - Visits: 39
2024-04-10T20:07:48.264Z - GET /userData/buivol0802@rambler.ru - Visits: 40
2024-04-10T20:07:48.286Z - GET /userData/buivol0802@rambler.ru - Visits: 40
2024-04-10T20:07:48.318Z - GET /user-orders - Visits: 41
2024-04-10T20:07:49.756Z - GET /userData/buivol0802@rambler.ru - Visits: 42
2024-04-10T20:07:49.789Z - GET /userData/buivol0802@rambler.ru - Visits: 42
2024-04-10T20:07:49.812Z - GET /user-orders - Visits: 43
2024-04-10T20:07:51.123Z - GET /userData/buivol0802@rambler.ru - Visits: 44
2024-04-10T20:07:51.158Z - GET /userData/buivol0802@rambler.ru - Visits: 44
2024-04-10T20:07:51.188Z - GET /user-orders - Visits: 45
2024-04-10T20:08:07.169Z - POST /login - Visits: 46
2024-04-10T20:08:07.526Z - GET /userData/buivol0802@rambler.ru - Visits: 47
2024-04-10T20:08:07.555Z - GET /userData/buivol0802@rambler.ru - Visits: 47
2024-04-10T20:08:07.587Z - GET /user-orders - Visits: 48
2024-04-10T20:08:10.437Z - GET /order-history - Visits: 49
2024-04-10T20:17:15.346Z - POST /login - Visits: 50
2024-04-10T20:17:15.641Z - GET /userData/buivol0802@rambler.ru - Visits: 51
2024-04-10T20:17:15.660Z - GET /user-orders - Visits: 51
2024-04-10T20:17:15.662Z - GET /userData/buivol0802@rambler.ru - Visits: 51
2024-04-10T20:17:19.432Z - GET /order-history - Visits: 52
2024-04-10T20:18:02.514Z - GET /order-history - Visits: 53
2024-04-10T20:18:45.791Z - GET /userData/buivol0802@rambler.ru - Visits: 54
2024-04-10T20:18:45.828Z - GET /userData/buivol0802@rambler.ru - Visits: 54
2024-04-10T20:18:45.870Z - GET /user-orders - Visits: 55
2024-04-10T20:18:47.175Z - GET /userData/buivol0802@rambler.ru - Visits: 56
2024-04-10T20:18:47.205Z - GET /userData/buivol0802@rambler.ru - Visits: 56
2024-04-10T20:18:47.266Z - GET /user-orders - Visits: 57
2024-04-10T20:19:01.676Z - POST /login - Visits: 58
2024-04-10T20:19:02.029Z - GET /userData/buivol0802@rambler.ru - Visits: 59
2024-04-10T20:19:02.046Z - GET /user-orders - Visits: 59
2024-04-10T20:19:02.047Z - GET /userData/buivol0802@rambler.ru - Visits: 59
2024-04-10T20:19:04.828Z - GET /order-history - Visits: 60
2024-04-10T20:20:30.291Z - GET /order-history - Visits: 61
2024-04-10T20:20:52.341Z - GET /order-history - Visits: 62
2024-04-10T20:21:06.106Z - GET /order-history - Visits: 63
2024-04-10T20:21:20.991Z - GET /order-history - Visits: 64
2024-04-10T20:21:41.073Z - GET /order-history - Visits: 65
2024-04-10T20:21:49.069Z - GET /order-history - Visits: 66
2024-04-10T20:22:06.552Z - GET /order-history - Visits: 67
2024-04-10T20:22:18.135Z - GET /order-history - Visits: 68
2024-04-10T20:22:59.431Z - GET /order-history - Visits: 69
2024-04-10T20:23:06.122Z - GET /order-history - Visits: 70
2024-04-10T20:23:14.076Z - GET /order-history - Visits: 71
2024-04-10T20:23:28.077Z - GET /order-history - Visits: 72
2024-04-10T20:23:38.490Z - GET /order-history - Visits: 73
2024-04-10T20:23:54.047Z - GET /order-history - Visits: 74
2024-04-10T20:23:59.483Z - GET /order-history - Visits: 75
2024-04-10T20:24:24.372Z - GET /order-history - Visits: 76
2024-04-10T20:24:25.167Z - GET /order-history - Visits: 77
2024-04-10T20:24:40.974Z - GET /order-history - Visits: 78
2024-04-10T20:24:41.637Z - GET /order-history - Visits: 79
2024-04-10T20:24:52.511Z - GET /order-history - Visits: 80
2024-04-10T20:24:53.130Z - GET /order-history - Visits: 81
2024-04-10T20:25:01.301Z - GET /order-history - Visits: 82
2024-04-10T20:25:17.283Z - GET /order-history - Visits: 83
2024-04-10T20:25:54.486Z - GET /order-history - Visits: 84
2024-04-10T20:26:04.834Z - GET /order-history - Visits: 85
2024-04-10T20:26:27.634Z - GET /order-history - Visits: 86
2024-04-10T20:26:36.613Z - GET /order-history - Visits: 87
2024-04-10T20:27:34.577Z - GET /order-history - Visits: 88
2024-04-10T20:28:59.600Z - GET /order-history - Visits: 89
2024-04-10T20:29:53.712Z - GET /order-history - Visits: 90
2024-04-10T20:30:27.165Z - GET /order-history - Visits: 91
2024-04-10T20:30:27.737Z - GET /order-history - Visits: 92
2024-04-10T20:31:04.769Z - GET /order-history - Visits: 93
2024-04-10T20:31:24.326Z - GET /order-history - Visits: 94
2024-04-10T20:31:32.532Z - GET /order-history - Visits: 95
2024-04-10T20:31:54.013Z - GET /sales-statistics - Visits: 96
2024-04-10T20:32:20.001Z - GET /sales-statistics - Visits: 97
2024-04-10T20:33:48.915Z - GET /sales-statistics - Visits: 98
2024-04-10T20:33:50.050Z - GET /sales-statistics - Visits: 99
2024-04-10T20:33:50.468Z - GET /sales-statistics - Visits: 100
2024-04-10T20:33:50.673Z - GET /sales-statistics - Visits: 101
2024-04-10T20:33:50.855Z - GET /sales-statistics - Visits: 102
2024-04-10T20:33:51.017Z - GET /sales-statistics - Visits: 103
2024-04-10T20:33:51.191Z - GET /sales-statistics - Visits: 104
2024-04-10T20:33:51.356Z - GET /sales-statistics - Visits: 105
2024-04-10T20:40:58.276Z - GET /sales-statistics - Visits: 106
2024-04-10T20:40:59.027Z - GET /sales-statistics - Visits: 107
2024-04-10T20:40:59.187Z - GET /sales-statistics - Visits: 108
2024-04-10T20:41:00.417Z - GET /sales-statistics - Visits: 109
2024-04-10T20:43:49.899Z - GET /sales-statistics - Visits: 110
2024-04-10T20:48:58.953Z - GET /sales-statistics - Visits: 112
2024-04-10T20:49:44.388Z - GET /sales-statistics - Visits: 113
2024-04-10T20:50:31.170Z - GET /sales-statistics - Visits: 114
2024-04-10T20:50:49.596Z - GET /sales-statistics - Visits: 115
2024-04-10T20:51:09.253Z - GET /sales-statistics - Visits: 116
2024-04-10T20:54:00.759Z - GET /sales-statistics - Visits: 117
2024-04-10T20:55:43.682Z - GET /sales-statistics - Visits: 118
2024-04-10T20:55:55.900Z - GET /sales-statistics - Visits: 119
2024-04-10T20:56:30.167Z - GET /sales-statistics - Visits: 120
2024-04-10T20:56:58.087Z - GET /sales-statistics - Visits: 121
2024-04-10T20:57:53.905Z - POST /login - Visits: 122
2024-04-10T20:57:54.121Z - GET /userData/buivol0802@rambler.ru - Visits: 123
2024-04-10T20:57:54.139Z - GET /userData/buivol0802@rambler.ru - Visits: 123
2024-04-10T20:57:54.150Z - GET /user-orders - Visits: 124
2024-04-10T20:58:00.986Z - GET /order-history - Visits: 125
2024-04-10T20:58:57.723Z - GET /order-history - Visits: 126
2024-04-10T20:59:48.496Z - GET /order-history - Visits: 127
2024-04-10T20:59:52.402Z - GET /order-history - Visits: 128
2024-04-10T21:00:07.327Z - GET /order-history - Visits: 129
2024-04-10T21:15:24.172Z - GET /sales-statistics - Visits: 1
2024-04-10T21:15:47.417Z - GET /products - Visits: 2
2024-04-10T21:21:58.718Z - GET /basket - Visits: 3
2024-04-10T21:22:23.159Z - GET /stats - Visits: 4
2024-04-10T21:22:23.160Z - GET /sales-stats - Visits: 4
2024-04-10T21:23:46.096Z - GET /sales-stats - Visits: 5
2024-04-10T21:23:46.098Z - GET /stats - Visits: 5
2024-04-10T21:24:02.040Z - GET /stats - Visits: 6
2024-04-10T21:24:02.041Z - GET /sales-stats - Visits: 6
2024-04-10T21:24:09.243Z - GET /sales-stats - Visits: 7
2024-04-10T21:24:09.244Z - GET /stats - Visits: 7
2024-04-10T21:26:06.749Z - GET /sales-stats - Visits: 8
2024-04-10T21:26:06.750Z - GET /stats - Visits: 8
2024-04-10T21:26:26.239Z - GET /sales-stats - Visits: 9
2024-04-10T21:26:26.240Z - GET /stats - Visits: 9
2024-04-10T21:26:48.080Z - GET /stats - Visits: 10
2024-04-10T21:26:48.081Z - GET /sales-stats - Visits: 10
2024-04-10T21:27:07.800Z - GET /stats - Visits: 11
2024-04-10T21:27:07.801Z - GET /sales-stats - Visits: 11
2024-04-10T21:30:52.956Z - GET /sales-stats - Visits: 12
2024-04-10T21:30:52.958Z - GET /stats - Visits: 12
2024-04-10T21:31:03.228Z - GET /stats - Visits: 13
2024-04-10T21:31:03.228Z - GET /sales-stats - Visits: 13
2024-04-10T21:31:10.583Z - GET /sales-stats - Visits: 14
2024-04-10T21:31:10.585Z - GET /stats - Visits: 14
2024-04-10T22:09:55.671Z - GET /stats - Visits: 1
2024-04-10T22:09:55.674Z - GET /sales-stats - Visits: 1
2024-04-11T04:19:23.026Z - GET /products - Visits: 1
2024-04-11T04:19:26.287Z - GET /stats - Visits: 2
2024-04-11T04:19:26.287Z - GET /sales-stats - Visits: 2
2024-04-11T04:19:28.105Z - GET /sales-statistics - Visits: 3
2024-04-11T04:19:29.884Z - GET /order-history - Visits: 4
2024-04-11T04:19:33.902Z - GET /stats - Visits: 5
2024-04-11T04:19:33.902Z - GET /sales-stats - Visits: 5
2024-04-11T04:19:35.772Z - GET /sales-statistics - Visits: 6
2024-04-11T04:19:39.132Z - GET /products - Visits: 7
2024-04-11T04:35:52.949Z - POST /login - Visits: 1
2024-04-11T04:35:53.206Z - GET /userData/buivol0802@rambler.ru - Visits: 2
2024-04-11T04:35:53.237Z - GET /userData/buivol0802@rambler.ru - Visits: 2
2024-04-11T04:35:53.288Z - GET /user-orders - Visits: 3
2024-04-11T04:35:57.064Z - GET /order-history - Visits: 4
2024-04-11T04:39:32.101Z - GET /sales-statistics - Visits: 5
2024-04-11T04:41:41.796Z - GET /basket - Visits: 6
2024-04-11T04:41:44.874Z - GET /stats - Visits: 7
2024-04-11T04:41:44.876Z - GET /sales-stats - Visits: 7
